#
# There is insufficient memory for the Java Runtime Environment to continue.
# Native memory allocation (malloc) failed to allocate 1061456 bytes for Chunk::new
# Possible reasons:
#   The system is out of physical RAM or swap space
#   The process is running with CompressedOops enabled, and the Java Heap may be blocking the growth of the native heap
# Possible solutions:
#   Reduce memory load on the system
#   Increase physical memory or swap space
#   Check if swap backing store is full
#   Decrease Java heap size (-Xmx/-Xms)
#   Decrease number of Java threads
#   Decrease Java thread stack sizes (-Xss)
#   Set larger code cache with -XX:ReservedCodeCacheSize=
#   JVM is running with Unscaled Compressed Oops mode in which the Java heap is
#     placed in the first 4GB address space. The Java Heap base address is the
#     maximum limit for the native heap growth. Please use -XX:HeapBaseMinAddress
#     to set the Java Heap base and to place the Java Heap above 4GB virtual address.
# This output file may be truncated or incomplete.
#
#  Out of Memory Error (./open/src/hotspot/share/memory/arena.cpp:197), pid=27432, tid=20944
#
# JRE version: Java(TM) SE Runtime Environment 18.9 (11.0.13+10) (build 11.0.13+10-LTS-370)
# Java VM: Java HotSpot(TM) 64-Bit Server VM 18.9 (11.0.13+10-LTS-370, mixed mode, tiered, compressed oops, g1 gc, windows-amd64)
# No core dump will be written. Minidumps are not enabled by default on client versions of Windows
#

---------------  S U M M A R Y ------------

Command Line: C:\Users\vivek\AppData\Local\Temp\surefire6270150826121428310\surefirebooter13140325494918876333.jar C:\Users\vivek\AppData\Local\Temp\surefire6270150826121428310 2024-06-23T21-13-53_410-jvmRun1 surefire2960024654882835184tmp surefire_02349083065564893750tmp

Host: 11th Gen Intel(R) Core(TM) i5-11300H @ 3.10GHz, 8 cores, 7G,  Windows 10 , 64 bit Build 22621 (10.0.22621.3527)
Time: Sun Jun 23 21:13:58 2024 India Standard Time elapsed time: 4.281840 seconds (0d 0h 0m 4s)

---------------  T H R E A D  ---------------

Current thread (0x000001a034822800):  JavaThread "C2 CompilerThread1" daemon [_thread_in_native, id=20944, stack(0x000000181f300000,0x000000181f400000)]


Current CompileTask:
C2:   4281 4003       4       java.net.URLStreamHandler::parseURL (1201 bytes)

Stack: [0x000000181f300000,0x000000181f400000]
Native frames: (J=compiled Java code, j=interpreted, Vv=VM code, C=native code)
V  [jvm.dll+0x62870a]
V  [jvm.dll+0x761f2f]
V  [jvm.dll+0x7635d9]
V  [jvm.dll+0x763c63]
V  [jvm.dll+0x23d728]
V  [jvm.dll+0xb293c]
V  [jvm.dll+0xb2efc]
V  [jvm.dll+0x3408b7]
V  [jvm.dll+0x18c7e9]
V  [jvm.dll+0x1f8362]
V  [jvm.dll+0x1f743d]
V  [jvm.dll+0x177991]
V  [jvm.dll+0x206d84]
V  [jvm.dll+0x204ebb]
V  [jvm.dll+0x727e70]
V  [jvm.dll+0x720a54]
V  [jvm.dll+0x627606]
C  [ucrtbase.dll+0x29333]
C  [KERNEL32.DLL+0x1257d]
C  [ntdll.dll+0x5aa48]


---------------  P R O C E S S  ---------------

Threads class SMR info:
_java_thread_list=0x000001a034705dc0, length=16, elements={
0x000001a015d18800, 0x000001a033af2800, 0x000001a033af5000, 0x000001a033b10000,
0x000001a033b12000, 0x000001a033b13800, 0x000001a033b14800, 0x000001a033b15800,
0x000001a03445b000, 0x000001a03462f800, 0x000001a0346dc800, 0x000001a03481e800,
0x000001a03971a000, 0x000001a034822800, 0x000001a0369ab800, 0x000001a03716b000
}

Java Threads: ( => current thread )
  0x000001a015d18800 JavaThread "main" [_thread_in_vm, id=25660, stack(0x000000181e000000,0x000000181e100000)]
  0x000001a033af2800 JavaThread "Reference Handler" daemon [_thread_blocked, id=18116, stack(0x000000181e700000,0x000000181e800000)]
  0x000001a033af5000 JavaThread "Finalizer" daemon [_thread_blocked, id=26144, stack(0x000000181e800000,0x000000181e900000)]
  0x000001a033b10000 JavaThread "Signal Dispatcher" daemon [_thread_blocked, id=20936, stack(0x000000181e900000,0x000000181ea00000)]
  0x000001a033b12000 JavaThread "Attach Listener" daemon [_thread_blocked, id=19928, stack(0x000000181ea00000,0x000000181eb00000)]
  0x000001a033b13800 JavaThread "Service Thread" daemon [_thread_blocked, id=19016, stack(0x000000181eb00000,0x000000181ec00000)]
  0x000001a033b14800 JavaThread "C2 CompilerThread0" daemon [_thread_in_native, id=37476, stack(0x000000181ec00000,0x000000181ed00000)]
  0x000001a033b15800 JavaThread "C1 CompilerThread0" daemon [_thread_blocked, id=13328, stack(0x000000181ed00000,0x000000181ee00000)]
  0x000001a03445b000 JavaThread "Sweeper thread" daemon [_thread_blocked, id=14800, stack(0x000000181ee00000,0x000000181ef00000)]
  0x000001a03462f800 JavaThread "Common-Cleaner" daemon [_thread_blocked, id=21872, stack(0x000000181f000000,0x000000181f100000)]
  0x000001a0346dc800 JavaThread "surefire-forkedjvm-command-thread" daemon [_thread_in_native, id=28184, stack(0x000000181f100000,0x000000181f200000)]
  0x000001a03481e800 JavaThread "surefire-forkedjvm-ping-30s" daemon [_thread_blocked, id=9020, stack(0x000000181f200000,0x000000181f300000)]
  0x000001a03971a000 JavaThread "mysql-cj-abandoned-connection-cleanup" daemon [_thread_blocked, id=35576, stack(0x000000181f700000,0x000000181f800000)]
=>0x000001a034822800 JavaThread "C2 CompilerThread1" daemon [_thread_in_native, id=20944, stack(0x000000181f300000,0x000000181f400000)]
  0x000001a0369ab800 JavaThread "HikariPool-1 housekeeper" daemon [_thread_blocked, id=11364, stack(0x000000181fa00000,0x000000181fb00000)]
  0x000001a03716b000 JavaThread "HikariPool-1 connection adder" daemon [_thread_in_native, id=25472, stack(0x000000181fb00000,0x000000181fc00000)]

Other Threads:
  0x000001a033af0000 VMThread "VM Thread" [stack: 0x000000181e600000,0x000000181e700000] [id=26684]
  0x000001a03462a000 WatcherThread [stack: 0x000000181ef00000,0x000000181f000000] [id=17284]
  0x000001a015d2d800 GCTaskThread "GC Thread#0" [stack: 0x000000181e100000,0x000000181e200000] [id=21820]
  0x000001a035f06000 GCTaskThread "GC Thread#1" [stack: 0x000000181f400000,0x000000181f500000] [id=35260]
  0x000001a035d29000 GCTaskThread "GC Thread#2" [stack: 0x000000181f500000,0x000000181f600000] [id=31304]
  0x000001a0360c3000 GCTaskThread "GC Thread#3" [stack: 0x000000181f800000,0x000000181f900000] [id=14980]
  0x000001a015d5f800 ConcurrentGCThread "G1 Main Marker" [stack: 0x000000181e200000,0x000000181e300000] [id=28976]
  0x000001a015d60800 ConcurrentGCThread "G1 Conc#0" [stack: 0x000000181e300000,0x000000181e400000] [id=32020]
  0x000001a0358cb000 ConcurrentGCThread "G1 Conc#1" [stack: 0x000000181f600000,0x000000181f700000] [id=19464]
  0x000001a033934800 ConcurrentGCThread "G1 Refine#0" [stack: 0x000000181e400000,0x000000181e500000] [id=33684]
  0x000001a033937000 ConcurrentGCThread "G1 Young RemSet Sampling" [stack: 0x000000181e500000,0x000000181e600000] [id=15264]

Threads with active compile tasks:
C2 CompilerThread0   4306 4027       4       sun.security.util.AbstractAlgorithmConstraints::checkAlgorithm (140 bytes)
C2 CompilerThread1   4306 4003       4       java.net.URLStreamHandler::parseURL (1201 bytes)

VM state:not at safepoint (normal execution)

VM Mutex/Monitor currently owned by a thread: None

Heap address: 0x0000000083600000, size: 1994 MB, Compressed Oops mode: 32-bit
Narrow klass base: 0x0000000000000000, Narrow klass shift: 3
Compressed class space size: 1073741824 Address: 0x0000000100000000

Heap:
 garbage-first heap   total 155648K, used 100000K [0x0000000083600000, 0x0000000100000000)
  region size 1024K, 90 young (92160K), 6 survivors (6144K)
 Metaspace       used 50421K, capacity 51768K, committed 51920K, reserved 1093632K
  class space    used 6348K, capacity 6923K, committed 7040K, reserved 1048576K
Heap Regions: E=young(eden), S=young(survivor), O=old, HS=humongous(starts), HC=humongous(continues), CS=collection set, F=free, A=archive, TAMS=top-at-mark-start (previous, next)
|   0|0x0000000083600000, 0x0000000083700000, 0x0000000083700000|100%|HS|  |TAMS 0x0000000083700000, 0x0000000083600000| Complete 
|   1|0x0000000083700000, 0x0000000083800000, 0x0000000083800000|100%| O|  |TAMS 0x0000000083800000, 0x0000000083700000| Untracked 
|   2|0x0000000083800000, 0x0000000083900000, 0x0000000083900000|100%| O|  |TAMS 0x0000000083900000, 0x0000000083800000| Untracked 
|   3|0x0000000083900000, 0x0000000083a00000, 0x0000000083a00000|100%| O|  |TAMS 0x0000000083a00000, 0x0000000083900000| Untracked 
|   4|0x0000000083a00000, 0x0000000083b00000, 0x0000000083b00000|100%| O|  |TAMS 0x0000000083b00000, 0x0000000083a00000| Untracked 
|   5|0x0000000083b00000, 0x0000000083c00000, 0x0000000083c00000|100%| O|  |TAMS 0x0000000083c00000, 0x0000000083b00000| Untracked 
|   6|0x0000000083c00000, 0x0000000083d00000, 0x0000000083d00000|100%| O|  |TAMS 0x0000000083d00000, 0x0000000083c00000| Untracked 
|   7|0x0000000083d00000, 0x0000000083e00000, 0x0000000083e00000|100%| O|  |TAMS 0x0000000083e00000, 0x0000000083d00000| Untracked 
|   8|0x0000000083e00000, 0x0000000083f00000, 0x0000000083f00000|100%| O|  |TAMS 0x0000000083f00000, 0x0000000083e00000| Untracked 
|   9|0x0000000083f00000, 0x0000000083f3f800, 0x0000000084000000| 24%| O|  |TAMS 0x0000000083f3f800, 0x0000000083f00000| Untracked 
|  10|0x0000000084000000, 0x0000000084000000, 0x0000000084100000|  0%| F|  |TAMS 0x0000000084000000, 0x0000000084000000| Untracked 
|  11|0x0000000084100000, 0x0000000084100000, 0x0000000084200000|  0%| F|  |TAMS 0x0000000084100000, 0x0000000084100000| Untracked 
|  12|0x0000000084200000, 0x0000000084200000, 0x0000000084300000|  0%| F|  |TAMS 0x0000000084200000, 0x0000000084200000| Untracked 
|  13|0x0000000084300000, 0x0000000084300000, 0x0000000084400000|  0%| F|  |TAMS 0x0000000084300000, 0x0000000084300000| Untracked 
|  14|0x0000000084400000, 0x0000000084400000, 0x0000000084500000|  0%| F|  |TAMS 0x0000000084400000, 0x0000000084400000| Untracked 
|  15|0x0000000084500000, 0x0000000084500000, 0x0000000084600000|  0%| F|  |TAMS 0x0000000084500000, 0x0000000084500000| Untracked 
|  16|0x0000000084600000, 0x0000000084600000, 0x0000000084700000|  0%| F|  |TAMS 0x0000000084600000, 0x0000000084600000| Untracked 
|  17|0x0000000084700000, 0x0000000084700000, 0x0000000084800000|  0%| F|  |TAMS 0x0000000084700000, 0x0000000084700000| Untracked 
|  18|0x0000000084800000, 0x0000000084800000, 0x0000000084900000|  0%| F|  |TAMS 0x0000000084800000, 0x0000000084800000| Untracked 
|  19|0x0000000084900000, 0x0000000084900000, 0x0000000084a00000|  0%| F|  |TAMS 0x0000000084900000, 0x0000000084900000| Untracked 
|  20|0x0000000084a00000, 0x0000000084a00000, 0x0000000084b00000|  0%| F|  |TAMS 0x0000000084a00000, 0x0000000084a00000| Untracked 
|  21|0x0000000084b00000, 0x0000000084b00000, 0x0000000084c00000|  0%| F|  |TAMS 0x0000000084b00000, 0x0000000084b00000| Untracked 
|  22|0x0000000084c00000, 0x0000000084c00000, 0x0000000084d00000|  0%| F|  |TAMS 0x0000000084c00000, 0x0000000084c00000| Untracked 
|  23|0x0000000084d00000, 0x0000000084d00000, 0x0000000084e00000|  0%| F|  |TAMS 0x0000000084d00000, 0x0000000084d00000| Untracked 
|  24|0x0000000084e00000, 0x0000000084e00000, 0x0000000084f00000|  0%| F|  |TAMS 0x0000000084e00000, 0x0000000084e00000| Untracked 
|  25|0x0000000084f00000, 0x0000000084f00000, 0x0000000085000000|  0%| F|  |TAMS 0x0000000084f00000, 0x0000000084f00000| Untracked 
|  26|0x0000000085000000, 0x0000000085000000, 0x0000000085100000|  0%| F|  |TAMS 0x0000000085000000, 0x0000000085000000| Untracked 
|  27|0x0000000085100000, 0x0000000085100000, 0x0000000085200000|  0%| F|  |TAMS 0x0000000085100000, 0x0000000085100000| Untracked 
|  28|0x0000000085200000, 0x0000000085200000, 0x0000000085300000|  0%| F|  |TAMS 0x0000000085200000, 0x0000000085200000| Untracked 
|  29|0x0000000085300000, 0x0000000085300000, 0x0000000085400000|  0%| F|  |TAMS 0x0000000085300000, 0x0000000085300000| Untracked 
|  30|0x0000000085400000, 0x0000000085400000, 0x0000000085500000|  0%| F|  |TAMS 0x0000000085400000, 0x0000000085400000| Untracked 
|  31|0x0000000085500000, 0x0000000085500000, 0x0000000085600000|  0%| F|  |TAMS 0x0000000085500000, 0x0000000085500000| Untracked 
|  32|0x0000000085600000, 0x0000000085600000, 0x0000000085700000|  0%| F|  |TAMS 0x0000000085600000, 0x0000000085600000| Untracked 
|  33|0x0000000085700000, 0x0000000085700000, 0x0000000085800000|  0%| F|  |TAMS 0x0000000085700000, 0x0000000085700000| Untracked 
|  34|0x0000000085800000, 0x0000000085800000, 0x0000000085900000|  0%| F|  |TAMS 0x0000000085800000, 0x0000000085800000| Untracked 
|  35|0x0000000085900000, 0x0000000085900000, 0x0000000085a00000|  0%| F|  |TAMS 0x0000000085900000, 0x0000000085900000| Untracked 
|  36|0x0000000085a00000, 0x0000000085a00000, 0x0000000085b00000|  0%| F|  |TAMS 0x0000000085a00000, 0x0000000085a00000| Untracked 
|  37|0x0000000085b00000, 0x0000000085b00000, 0x0000000085c00000|  0%| F|  |TAMS 0x0000000085b00000, 0x0000000085b00000| Untracked 
|  38|0x0000000085c00000, 0x0000000085c00000, 0x0000000085d00000|  0%| F|  |TAMS 0x0000000085c00000, 0x0000000085c00000| Untracked 
|  39|0x0000000085d00000, 0x0000000085d00000, 0x0000000085e00000|  0%| F|  |TAMS 0x0000000085d00000, 0x0000000085d00000| Untracked 
|  40|0x0000000085e00000, 0x0000000085e00000, 0x0000000085f00000|  0%| F|  |TAMS 0x0000000085e00000, 0x0000000085e00000| Untracked 
|  41|0x0000000085f00000, 0x0000000085f00000, 0x0000000086000000|  0%| F|  |TAMS 0x0000000085f00000, 0x0000000085f00000| Untracked 
|  42|0x0000000086000000, 0x0000000086000000, 0x0000000086100000|  0%| F|  |TAMS 0x0000000086000000, 0x0000000086000000| Untracked 
|  43|0x0000000086100000, 0x0000000086100000, 0x0000000086200000|  0%| F|  |TAMS 0x0000000086100000, 0x0000000086100000| Untracked 
|  44|0x0000000086200000, 0x0000000086200000, 0x0000000086300000|  0%| F|  |TAMS 0x0000000086200000, 0x0000000086200000| Untracked 
|  45|0x0000000086300000, 0x0000000086300000, 0x0000000086400000|  0%| F|  |TAMS 0x0000000086300000, 0x0000000086300000| Untracked 
|  46|0x0000000086400000, 0x0000000086400000, 0x0000000086500000|  0%| F|  |TAMS 0x0000000086400000, 0x0000000086400000| Untracked 
|  47|0x0000000086500000, 0x0000000086500000, 0x0000000086600000|  0%| F|  |TAMS 0x0000000086500000, 0x0000000086500000| Untracked 
|  48|0x0000000086600000, 0x0000000086600000, 0x0000000086700000|  0%| F|  |TAMS 0x0000000086600000, 0x0000000086600000| Untracked 
|  49|0x0000000086700000, 0x0000000086700000, 0x0000000086800000|  0%| F|  |TAMS 0x0000000086700000, 0x0000000086700000| Untracked 
|  50|0x0000000086800000, 0x0000000086800000, 0x0000000086900000|  0%| F|  |TAMS 0x0000000086800000, 0x0000000086800000| Untracked 
|  51|0x0000000086900000, 0x0000000086900000, 0x0000000086a00000|  0%| F|  |TAMS 0x0000000086900000, 0x0000000086900000| Untracked 
|  52|0x0000000086a00000, 0x0000000086a00000, 0x0000000086b00000|  0%| F|  |TAMS 0x0000000086a00000, 0x0000000086a00000| Untracked 
|  53|0x0000000086b00000, 0x0000000086b00000, 0x0000000086c00000|  0%| F|  |TAMS 0x0000000086b00000, 0x0000000086b00000| Untracked 
|  54|0x0000000086c00000, 0x0000000086c00000, 0x0000000086d00000|  0%| F|  |TAMS 0x0000000086c00000, 0x0000000086c00000| Untracked 
|  55|0x0000000086d00000, 0x0000000086d00000, 0x0000000086e00000|  0%| F|  |TAMS 0x0000000086d00000, 0x0000000086d00000| Untracked 
|  56|0x0000000086e00000, 0x0000000086e00000, 0x0000000086f00000|  0%| F|  |TAMS 0x0000000086e00000, 0x0000000086e00000| Untracked 
|  57|0x0000000086f00000, 0x0000000086f00000, 0x0000000087000000|  0%| F|  |TAMS 0x0000000086f00000, 0x0000000086f00000| Untracked 
|  58|0x0000000087000000, 0x0000000087000000, 0x0000000087100000|  0%| F|  |TAMS 0x0000000087000000, 0x0000000087000000| Untracked 
|  59|0x0000000087100000, 0x0000000087100000, 0x0000000087200000|  0%| F|  |TAMS 0x0000000087100000, 0x0000000087100000| Untracked 
|  60|0x0000000087200000, 0x0000000087200000, 0x0000000087300000|  0%| F|  |TAMS 0x0000000087200000, 0x0000000087200000| Untracked 
|  61|0x0000000087300000, 0x0000000087300000, 0x0000000087400000|  0%| F|  |TAMS 0x0000000087300000, 0x0000000087300000| Untracked 
|  62|0x0000000087400000, 0x0000000087480800, 0x0000000087500000| 50%| E|  |TAMS 0x0000000087400000, 0x0000000087400000| Complete 
|  63|0x0000000087500000, 0x0000000087600000, 0x0000000087600000|100%| E|CS|TAMS 0x0000000087500000, 0x0000000087500000| Complete 
|  64|0x0000000087600000, 0x0000000087700000, 0x0000000087700000|100%| E|CS|TAMS 0x0000000087600000, 0x0000000087600000| Complete 
|  65|0x0000000087700000, 0x0000000087800000, 0x0000000087800000|100%| E|CS|TAMS 0x0000000087700000, 0x0000000087700000| Complete 
|  66|0x0000000087800000, 0x0000000087900000, 0x0000000087900000|100%| E|CS|TAMS 0x0000000087800000, 0x0000000087800000| Complete 
|  67|0x0000000087900000, 0x0000000087a00000, 0x0000000087a00000|100%| E|CS|TAMS 0x0000000087900000, 0x0000000087900000| Complete 
|  68|0x0000000087a00000, 0x0000000087b00000, 0x0000000087b00000|100%| E|CS|TAMS 0x0000000087a00000, 0x0000000087a00000| Complete 
|  69|0x0000000087b00000, 0x0000000087c00000, 0x0000000087c00000|100%| E|CS|TAMS 0x0000000087b00000, 0x0000000087b00000| Complete 
|  70|0x0000000087c00000, 0x0000000087d00000, 0x0000000087d00000|100%| E|CS|TAMS 0x0000000087c00000, 0x0000000087c00000| Complete 
|  71|0x0000000087d00000, 0x0000000087e00000, 0x0000000087e00000|100%| E|CS|TAMS 0x0000000087d00000, 0x0000000087d00000| Complete 
|  72|0x0000000087e00000, 0x0000000087f00000, 0x0000000087f00000|100%| E|CS|TAMS 0x0000000087e00000, 0x0000000087e00000| Complete 
|  73|0x0000000087f00000, 0x0000000088000000, 0x0000000088000000|100%| E|CS|TAMS 0x0000000087f00000, 0x0000000087f00000| Complete 
|  74|0x0000000088000000, 0x0000000088100000, 0x0000000088100000|100%| E|CS|TAMS 0x0000000088000000, 0x0000000088000000| Complete 
|  75|0x0000000088100000, 0x0000000088200000, 0x0000000088200000|100%| E|CS|TAMS 0x0000000088100000, 0x0000000088100000| Complete 
|  76|0x0000000088200000, 0x0000000088300000, 0x0000000088300000|100%| E|CS|TAMS 0x0000000088200000, 0x0000000088200000| Complete 
|  77|0x0000000088300000, 0x0000000088400000, 0x0000000088400000|100%| E|CS|TAMS 0x0000000088300000, 0x0000000088300000| Complete 
|  78|0x0000000088400000, 0x0000000088500000, 0x0000000088500000|100%| E|CS|TAMS 0x0000000088400000, 0x0000000088400000| Complete 
|  79|0x0000000088500000, 0x0000000088600000, 0x0000000088600000|100%| E|CS|TAMS 0x0000000088500000, 0x0000000088500000| Complete 
|  80|0x0000000088600000, 0x0000000088700000, 0x0000000088700000|100%| E|CS|TAMS 0x0000000088600000, 0x0000000088600000| Complete 
|  81|0x0000000088700000, 0x0000000088800000, 0x0000000088800000|100%| E|CS|TAMS 0x0000000088700000, 0x0000000088700000| Complete 
|  82|0x0000000088800000, 0x0000000088900000, 0x0000000088900000|100%| E|CS|TAMS 0x0000000088800000, 0x0000000088800000| Complete 
|  83|0x0000000088900000, 0x0000000088a00000, 0x0000000088a00000|100%| E|CS|TAMS 0x0000000088900000, 0x0000000088900000| Complete 
|  84|0x0000000088a00000, 0x0000000088b00000, 0x0000000088b00000|100%| E|CS|TAMS 0x0000000088a00000, 0x0000000088a00000| Complete 
|  85|0x0000000088b00000, 0x0000000088c00000, 0x0000000088c00000|100%| E|CS|TAMS 0x0000000088b00000, 0x0000000088b00000| Complete 
|  86|0x0000000088c00000, 0x0000000088d00000, 0x0000000088d00000|100%| E|CS|TAMS 0x0000000088c00000, 0x0000000088c00000| Complete 
|  87|0x0000000088d00000, 0x0000000088e00000, 0x0000000088e00000|100%| E|CS|TAMS 0x0000000088d00000, 0x0000000088d00000| Complete 
|  88|0x0000000088e00000, 0x0000000088f00000, 0x0000000088f00000|100%| E|CS|TAMS 0x0000000088e00000, 0x0000000088e00000| Complete 
|  89|0x0000000088f00000, 0x0000000089000000, 0x0000000089000000|100%| E|CS|TAMS 0x0000000088f00000, 0x0000000088f00000| Complete 
|  90|0x0000000089000000, 0x0000000089100000, 0x0000000089100000|100%| E|CS|TAMS 0x0000000089000000, 0x0000000089000000| Complete 
|  91|0x0000000089100000, 0x0000000089200000, 0x0000000089200000|100%| E|CS|TAMS 0x0000000089100000, 0x0000000089100000| Complete 
|  92|0x0000000089200000, 0x0000000089300000, 0x0000000089300000|100%| E|CS|TAMS 0x0000000089200000, 0x0000000089200000| Complete 
|  93|0x0000000089300000, 0x0000000089400000, 0x0000000089400000|100%| E|CS|TAMS 0x0000000089300000, 0x0000000089300000| Complete 
|  94|0x0000000089400000, 0x0000000089500000, 0x0000000089500000|100%| E|CS|TAMS 0x0000000089400000, 0x0000000089400000| Complete 
|  95|0x0000000089500000, 0x0000000089600000, 0x0000000089600000|100%| E|CS|TAMS 0x0000000089500000, 0x0000000089500000| Complete 
|  96|0x0000000089600000, 0x0000000089700000, 0x0000000089700000|100%| E|CS|TAMS 0x0000000089600000, 0x0000000089600000| Complete 
|  97|0x0000000089700000, 0x0000000089800000, 0x0000000089800000|100%| E|CS|TAMS 0x0000000089700000, 0x0000000089700000| Complete 
|  98|0x0000000089800000, 0x0000000089900000, 0x0000000089900000|100%| E|CS|TAMS 0x0000000089800000, 0x0000000089800000| Complete 
|  99|0x0000000089900000, 0x0000000089a00000, 0x0000000089a00000|100%| E|CS|TAMS 0x0000000089900000, 0x0000000089900000| Complete 
| 100|0x0000000089a00000, 0x0000000089b00000, 0x0000000089b00000|100%| E|CS|TAMS 0x0000000089a00000, 0x0000000089a00000| Complete 
| 101|0x0000000089b00000, 0x0000000089c00000, 0x0000000089c00000|100%| E|CS|TAMS 0x0000000089b00000, 0x0000000089b00000| Complete 
| 102|0x0000000089c00000, 0x0000000089d00000, 0x0000000089d00000|100%| E|CS|TAMS 0x0000000089c00000, 0x0000000089c00000| Complete 
| 103|0x0000000089d00000, 0x0000000089e00000, 0x0000000089e00000|100%| E|CS|TAMS 0x0000000089d00000, 0x0000000089d00000| Complete 
| 104|0x0000000089e00000, 0x0000000089f00000, 0x0000000089f00000|100%| E|CS|TAMS 0x0000000089e00000, 0x0000000089e00000| Complete 
| 105|0x0000000089f00000, 0x000000008a000000, 0x000000008a000000|100%| E|CS|TAMS 0x0000000089f00000, 0x0000000089f00000| Complete 
| 106|0x000000008a000000, 0x000000008a100000, 0x000000008a100000|100%| E|CS|TAMS 0x000000008a000000, 0x000000008a000000| Complete 
| 107|0x000000008a100000, 0x000000008a200000, 0x000000008a200000|100%| E|CS|TAMS 0x000000008a100000, 0x000000008a100000| Complete 
| 108|0x000000008a200000, 0x000000008a300000, 0x000000008a300000|100%| E|CS|TAMS 0x000000008a200000, 0x000000008a200000| Complete 
| 109|0x000000008a300000, 0x000000008a400000, 0x000000008a400000|100%| E|CS|TAMS 0x000000008a300000, 0x000000008a300000| Complete 
| 110|0x000000008a400000, 0x000000008a500000, 0x000000008a500000|100%| E|CS|TAMS 0x000000008a400000, 0x000000008a400000| Complete 
| 111|0x000000008a500000, 0x000000008a600000, 0x000000008a600000|100%| E|CS|TAMS 0x000000008a500000, 0x000000008a500000| Complete 
| 112|0x000000008a600000, 0x000000008a700000, 0x000000008a700000|100%| E|CS|TAMS 0x000000008a600000, 0x000000008a600000| Complete 
| 113|0x000000008a700000, 0x000000008a800000, 0x000000008a800000|100%| E|CS|TAMS 0x000000008a700000, 0x000000008a700000| Complete 
| 114|0x000000008a800000, 0x000000008a900000, 0x000000008a900000|100%| E|CS|TAMS 0x000000008a800000, 0x000000008a800000| Complete 
| 115|0x000000008a900000, 0x000000008aa00000, 0x000000008aa00000|100%| E|CS|TAMS 0x000000008a900000, 0x000000008a900000| Complete 
| 116|0x000000008aa00000, 0x000000008ab00000, 0x000000008ab00000|100%| E|CS|TAMS 0x000000008aa00000, 0x000000008aa00000| Complete 
| 117|0x000000008ab00000, 0x000000008ac00000, 0x000000008ac00000|100%| E|CS|TAMS 0x000000008ab00000, 0x000000008ab00000| Complete 
| 118|0x000000008ac00000, 0x000000008ad00000, 0x000000008ad00000|100%| E|CS|TAMS 0x000000008ac00000, 0x000000008ac00000| Complete 
| 119|0x000000008ad00000, 0x000000008ae00000, 0x000000008ae00000|100%| E|CS|TAMS 0x000000008ad00000, 0x000000008ad00000| Complete 
| 120|0x000000008ae00000, 0x000000008af00000, 0x000000008af00000|100%| E|CS|TAMS 0x000000008ae00000, 0x000000008ae00000| Complete 
| 121|0x000000008af00000, 0x000000008b000000, 0x000000008b000000|100%| E|CS|TAMS 0x000000008af00000, 0x000000008af00000| Complete 
| 122|0x000000008b000000, 0x000000008b100000, 0x000000008b100000|100%| E|CS|TAMS 0x000000008b000000, 0x000000008b000000| Complete 
| 123|0x000000008b100000, 0x000000008b200000, 0x000000008b200000|100%| E|CS|TAMS 0x000000008b100000, 0x000000008b100000| Complete 
| 124|0x000000008b200000, 0x000000008b300000, 0x000000008b300000|100%| E|CS|TAMS 0x000000008b200000, 0x000000008b200000| Complete 
| 125|0x000000008b300000, 0x000000008b400000, 0x000000008b400000|100%| E|CS|TAMS 0x000000008b300000, 0x000000008b300000| Complete 
| 126|0x000000008b400000, 0x000000008b500000, 0x000000008b500000|100%| E|CS|TAMS 0x000000008b400000, 0x000000008b400000| Complete 
| 127|0x000000008b500000, 0x000000008b600000, 0x000000008b600000|100%| E|CS|TAMS 0x000000008b500000, 0x000000008b500000| Complete 
| 128|0x000000008b600000, 0x000000008b700000, 0x000000008b700000|100%| E|CS|TAMS 0x000000008b600000, 0x000000008b600000| Complete 
| 129|0x000000008b700000, 0x000000008b800000, 0x000000008b800000|100%| E|CS|TAMS 0x000000008b700000, 0x000000008b700000| Complete 
| 130|0x000000008b800000, 0x000000008b900000, 0x000000008b900000|100%| E|CS|TAMS 0x000000008b800000, 0x000000008b800000| Complete 
| 131|0x000000008b900000, 0x000000008ba00000, 0x000000008ba00000|100%| E|CS|TAMS 0x000000008b900000, 0x000000008b900000| Complete 
| 132|0x000000008ba00000, 0x000000008bb00000, 0x000000008bb00000|100%| E|CS|TAMS 0x000000008ba00000, 0x000000008ba00000| Complete 
| 133|0x000000008bb00000, 0x000000008bc00000, 0x000000008bc00000|100%| E|CS|TAMS 0x000000008bb00000, 0x000000008bb00000| Complete 
| 134|0x000000008bc00000, 0x000000008bd00000, 0x000000008bd00000|100%| E|CS|TAMS 0x000000008bc00000, 0x000000008bc00000| Complete 
| 135|0x000000008bd00000, 0x000000008be00000, 0x000000008be00000|100%| E|CS|TAMS 0x000000008bd00000, 0x000000008bd00000| Complete 
| 136|0x000000008be00000, 0x000000008bf00000, 0x000000008bf00000|100%| E|CS|TAMS 0x000000008be00000, 0x000000008be00000| Complete 
| 137|0x000000008bf00000, 0x000000008c000000, 0x000000008c000000|100%| E|CS|TAMS 0x000000008bf00000, 0x000000008bf00000| Complete 
| 138|0x000000008c000000, 0x000000008c100000, 0x000000008c100000|100%| E|CS|TAMS 0x000000008c000000, 0x000000008c000000| Complete 
| 139|0x000000008c100000, 0x000000008c200000, 0x000000008c200000|100%| E|CS|TAMS 0x000000008c100000, 0x000000008c100000| Complete 
| 140|0x000000008c200000, 0x000000008c300000, 0x000000008c300000|100%| E|CS|TAMS 0x000000008c200000, 0x000000008c200000| Complete 
| 141|0x000000008c300000, 0x000000008c400000, 0x000000008c400000|100%| E|CS|TAMS 0x000000008c300000, 0x000000008c300000| Complete 
| 142|0x000000008c400000, 0x000000008c500000, 0x000000008c500000|100%| E|CS|TAMS 0x000000008c400000, 0x000000008c400000| Complete 
| 143|0x000000008c500000, 0x000000008c568888, 0x000000008c600000| 40%| S|CS|TAMS 0x000000008c500000, 0x000000008c500000| Complete 
| 144|0x000000008c600000, 0x000000008c700000, 0x000000008c700000|100%| S|CS|TAMS 0x000000008c600000, 0x000000008c600000| Complete 
| 145|0x000000008c700000, 0x000000008c800000, 0x000000008c800000|100%| S|CS|TAMS 0x000000008c700000, 0x000000008c700000| Complete 
| 146|0x000000008c800000, 0x000000008c900000, 0x000000008c900000|100%| S|CS|TAMS 0x000000008c800000, 0x000000008c800000| Complete 
| 147|0x000000008c900000, 0x000000008ca00000, 0x000000008ca00000|100%| S|CS|TAMS 0x000000008c900000, 0x000000008c900000| Complete 
| 148|0x000000008ca00000, 0x000000008cb00000, 0x000000008cb00000|100%| S|CS|TAMS 0x000000008ca00000, 0x000000008ca00000| Complete 
| 149|0x000000008cb00000, 0x000000008cc00000, 0x000000008cc00000|100%| E|CS|TAMS 0x000000008cb00000, 0x000000008cb00000| Complete 
| 150|0x000000008cc00000, 0x000000008cd00000, 0x000000008cd00000|100%| E|CS|TAMS 0x000000008cc00000, 0x000000008cc00000| Complete 
| 151|0x000000008cd00000, 0x000000008ce00000, 0x000000008ce00000|100%| E|CS|TAMS 0x000000008cd00000, 0x000000008cd00000| Complete 

Card table byte_map: [0x000001a02ca60000,0x000001a02ce50000] _byte_map_base: 0x000001a02c645000

Marking Bits (Prev, Next): (CMBitMap*) 0x000001a015d56fe8, (CMBitMap*) 0x000001a015d57020
 Prev Bits: [0x000001a02d240000, 0x000001a02f168000)
 Next Bits: [0x000001a02f170000, 0x000001a031098000)

Polling page: 0x000001a0154f0000

Metaspace:

Usage:
  Non-class:     43.86 MB capacity,    43.07 MB ( 98%) used,   640.53 KB (  1%) free+waste,   164.38 KB ( <1%) overhead. 
      Class:      6.76 MB capacity,     6.20 MB ( 92%) used,   487.52 KB (  7%) free+waste,    82.44 KB (  1%) overhead. 
       Both:     50.62 MB capacity,    49.27 MB ( 97%) used,     1.10 MB (  2%) free+waste,   246.81 KB ( <1%) overhead. 

Virtual space:
  Non-class space:       46.00 MB reserved,      44.08 MB ( 96%) committed 
      Class space:        1.00 GB reserved,       6.88 MB ( <1%) committed 
             Both:        1.04 GB reserved,      50.95 MB (  5%) committed 

Chunk freelists:
   Non-Class:  4.38 KB
       Class:  2.63 KB
        Both:  7.00 KB

CodeHeap 'non-profiled nmethods': size=120000Kb used=2246Kb max_used=2246Kb free=117753Kb
 bounds [0x000001a024e10000, 0x000001a025080000, 0x000001a02c340000]
CodeHeap 'profiled nmethods': size=120000Kb used=9378Kb max_used=9378Kb free=110621Kb
 bounds [0x000001a01d8e0000, 0x000001a01e210000, 0x000001a024e10000]
CodeHeap 'non-nmethods': size=5760Kb used=1220Kb max_used=1234Kb free=4539Kb
 bounds [0x000001a01d340000, 0x000001a01d5b0000, 0x000001a01d8e0000]
 total_blobs=4678 nmethods=4109 adapters=480
 compilation: enabled
              stopped_count=0, restarted_count=0
 full_count=0

Compilation events (10 events):
Event: 4.277 Thread 0x000001a033b15800 4059       3       sun.security.util.math.intpoly.IntegerPolynomial$MutableElement::fixed (5 bytes)
Event: 4.278 Thread 0x000001a033b15800 nmethod 4059 0x000001a01e1f0110 code [0x000001a01e1f0300, 0x000001a01e1f08e8]
Event: 4.278 Thread 0x000001a033b15800 4060       3       sun.security.util.math.intpoly.IntegerPolynomial$MutableElement::fixed (26 bytes)
Event: 4.278 Thread 0x000001a033b15800 nmethod 4060 0x000001a01e1f0b10 code [0x000001a01e1f0ce0, 0x000001a01e1f1268]
Event: 4.279 Thread 0x000001a033b15800 4062       3       sun.security.provider.ByteArrayAccess::i2bBig4 (111 bytes)
Event: 4.279 Thread 0x000001a033b15800 nmethod 4062 0x000001a01e1f1410 code [0x000001a01e1f15c0, 0x000001a01e1f18a8]
Event: 4.279 Thread 0x000001a033b15800 4063       3       sun.security.provider.SHA5::implCompress (13 bytes)
Event: 4.279 Thread 0x000001a033b15800 nmethod 4063 0x000001a01e1f1a10 code [0x000001a01e1f1be0, 0x000001a01e1f1f08]
Event: 4.280 Thread 0x000001a033b15800 4064       3       sun.security.provider.SHA5::implCompressCheck (15 bytes)
Event: 4.280 Thread 0x000001a033b15800 nmethod 4064 0x000001a01e1f2090 code [0x000001a01e1f2260, 0x000001a01e1f24f8]

GC Heap History (10 events):
Event: 1.069 GC heap before
{Heap before GC invocations=1 (full 0):
 garbage-first heap   total 129024K, used 67705K [0x0000000083600000, 0x0000000100000000)
  region size 1024K, 63 young (64512K), 3 survivors (3072K)
 Metaspace       used 20464K, capacity 21095K, committed 21296K, reserved 1069056K
  class space    used 2304K, capacity 2588K, committed 2688K, reserved 1048576K
}
Event: 1.078 GC heap after
{Heap after GC invocations=2 (full 0):
 garbage-first heap   total 129024K, used 10041K [0x0000000083600000, 0x0000000100000000)
  region size 1024K, 6 young (6144K), 6 survivors (6144K)
 Metaspace       used 20464K, capacity 21095K, committed 21296K, reserved 1069056K
  class space    used 2304K, capacity 2588K, committed 2688K, reserved 1048576K
}
Event: 1.492 GC heap before
{Heap before GC invocations=3 (full 0):
 garbage-first heap   total 129024K, used 48953K [0x0000000083600000, 0x0000000100000000)
  region size 1024K, 44 young (45056K), 6 survivors (6144K)
 Metaspace       used 26799K, capacity 27674K, committed 27824K, reserved 1073152K
  class space    used 3095K, capacity 3464K, committed 3584K, reserved 1048576K
}
Event: 1.499 GC heap after
{Heap after GC invocations=4 (full 0):
 garbage-first heap   total 129024K, used 10932K [0x0000000083600000, 0x0000000100000000)
  region size 1024K, 4 young (4096K), 4 survivors (4096K)
 Metaspace       used 26799K, capacity 27674K, committed 27824K, reserved 1073152K
  class space    used 3095K, capacity 3464K, committed 3584K, reserved 1048576K
}
Event: 2.027 GC heap before
{Heap before GC invocations=4 (full 0):
 garbage-first heap   total 129024K, used 74420K [0x0000000083600000, 0x0000000100000000)
  region size 1024K, 67 young (68608K), 4 survivors (4096K)
 Metaspace       used 28922K, capacity 29844K, committed 30128K, reserved 1075200K
  class space    used 3370K, capacity 3785K, committed 3840K, reserved 1048576K
}
Event: 2.034 GC heap after
{Heap after GC invocations=5 (full 0):
 garbage-first heap   total 129024K, used 12279K [0x0000000083600000, 0x0000000100000000)
  region size 1024K, 5 young (5120K), 5 survivors (5120K)
 Metaspace       used 28922K, capacity 29844K, committed 30128K, reserved 1075200K
  class space    used 3370K, capacity 3785K, committed 3840K, reserved 1048576K
}
Event: 2.926 GC heap before
{Heap before GC invocations=5 (full 0):
 garbage-first heap   total 129024K, used 81911K [0x0000000083600000, 0x0000000100000000)
  region size 1024K, 73 young (74752K), 5 survivors (5120K)
 Metaspace       used 34415K, capacity 35527K, committed 35760K, reserved 1081344K
  class space    used 4106K, capacity 4556K, committed 4608K, reserved 1048576K
}
Event: 2.937 GC heap after
{Heap after GC invocations=6 (full 0):
 garbage-first heap   total 155648K, used 14800K [0x0000000083600000, 0x0000000100000000)
  region size 1024K, 8 young (8192K), 8 survivors (8192K)
 Metaspace       used 34415K, capacity 35527K, committed 35760K, reserved 1081344K
  class space    used 4106K, capacity 4556K, committed 4608K, reserved 1048576K
}
Event: 2.959 GC heap before
{Heap before GC invocations=6 (full 0):
 garbage-first heap   total 155648K, used 16848K [0x0000000083600000, 0x0000000100000000)
  region size 1024K, 11 young (11264K), 8 survivors (8192K)
 Metaspace       used 34644K, capacity 35762K, committed 35920K, reserved 1081344K
  class space    used 4152K, capacity 4592K, committed 4608K, reserved 1048576K
}
Event: 2.969 GC heap after
{Heap after GC invocations=7 (full 0):
 garbage-first heap   total 155648K, used 15008K [0x0000000083600000, 0x0000000100000000)
  region size 1024K, 6 young (6144K), 6 survivors (6144K)
 Metaspace       used 34644K, capacity 35762K, committed 35920K, reserved 1081344K
  class space    used 4152K, capacity 4592K, committed 4608K, reserved 1048576K
}

Deoptimization events (10 events):
Event: 3.944 Thread 0x000001a015d18800 Uncommon trap: reason=unstable_if action=reinterpret pc=0x000001a024eb840c method=sun.net.util.IPAddressUtil.scan(Ljava/lang/String;JJ[C)I @ 14 c2
Event: 4.008 Thread 0x000001a015d18800 Uncommon trap: reason=unstable_if action=reinterpret pc=0x000001a024f3ac78 method=java.util.HashMap.putVal(ILjava/lang/Object;Ljava/lang/Object;ZZ)Ljava/lang/Object; @ 162 c2
Event: 4.009 Thread 0x000001a015d18800 Uncommon trap: reason=unstable_if action=reinterpret pc=0x000001a025016950 method=java.util.regex.Pattern$SliceI.match(Ljava/util/regex/Matcher;ILjava/lang/CharSequence;)Z @ 29 c2
Event: 4.059 Thread 0x000001a015d18800 Uncommon trap: reason=unstable_if action=reinterpret pc=0x000001a024f1ce14 method=java.nio.Buffer.<init>(IIII)V @ 44 c2
Event: 4.059 Thread 0x000001a015d18800 Uncommon trap: reason=unstable_if action=reinterpret pc=0x000001a024f1c684 method=java.nio.Buffer.<init>(IIII)V @ 44 c2
Event: 4.254 Thread 0x000001a03716b000 Uncommon trap: reason=unstable_if action=reinterpret pc=0x000001a024ed4e7c method=java.util.LinkedHashMap.get(Ljava/lang/Object;)Ljava/lang/Object; @ 20 c2
Event: 4.272 Thread 0x000001a015d18800 Uncommon trap: reason=profile_predicate action=maybe_recompile pc=0x000001a025039dd0 method=java.lang.PublicMethods$MethodList.filter([Ljava/lang/reflect/Method;Ljava/lang/String;[Ljava/lang/Class;Z)Ljava/lang/PublicMethods$MethodList; @ 21 c2
Event: 4.272 Thread 0x000001a015d18800 Uncommon trap: reason=profile_predicate action=maybe_recompile pc=0x000001a025039dd0 method=java.lang.PublicMethods$MethodList.filter([Ljava/lang/reflect/Method;Ljava/lang/String;[Ljava/lang/Class;Z)Ljava/lang/PublicMethods$MethodList; @ 21 c2
Event: 4.272 Thread 0x000001a015d18800 Uncommon trap: reason=profile_predicate action=maybe_recompile pc=0x000001a025039dd0 method=java.lang.PublicMethods$MethodList.filter([Ljava/lang/reflect/Method;Ljava/lang/String;[Ljava/lang/Class;Z)Ljava/lang/PublicMethods$MethodList; @ 21 c2
Event: 4.273 Thread 0x000001a015d18800 Uncommon trap: reason=profile_predicate action=maybe_recompile pc=0x000001a025039dd0 method=java.lang.PublicMethods$MethodList.filter([Ljava/lang/reflect/Method;Ljava/lang/String;[Ljava/lang/Class;Z)Ljava/lang/PublicMethods$MethodList; @ 21 c2

Classes redefined (0 events):
No events

Internal exceptions (10 events):
Event: 3.166 Thread 0x000001a015d18800 Exception <a 'java/lang/ClassNotFoundException'{0x000000008b59abd8}: org/springframework/beans/factory/AwareCustomizer> (0x000000008b59abd8) thrown at [./open/src/hotspot/share/classfile/systemDictionary.cpp, line 227]
Event: 3.166 Thread 0x000001a015d18800 Exception <a 'java/lang/ClassNotFoundException'{0x000000008b5aea00}: org/springframework/beans/factory/InitializingBeanCustomizer> (0x000000008b5aea00) thrown at [./open/src/hotspot/share/classfile/systemDictionary.cpp, line 227]
Event: 3.167 Thread 0x000001a015d18800 Exception <a 'java/lang/ClassNotFoundException'{0x000000008b5c29d8}: org/springframework/beans/factory/DisposableBeanCustomizer> (0x000000008b5c29d8) thrown at [./open/src/hotspot/share/classfile/systemDictionary.cpp, line 227]
Event: 3.167 Thread 0x000001a015d18800 Exception <a 'java/lang/ClassNotFoundException'{0x000000008b5d7bb0}: org/springframework/orm/jpa/EntityManagerFactoryInfoCustomizer> (0x000000008b5d7bb0) thrown at [./open/src/hotspot/share/classfile/systemDictionary.cpp, line 227]
Event: 3.168 Thread 0x000001a015d18800 Exception <a 'java/lang/ClassNotFoundException'{0x000000008b5f7fa8}: org/springframework/dao/support/PersistenceExceptionTranslatorCustomizer> (0x000000008b5f7fa8) thrown at [./open/src/hotspot/share/classfile/systemDictionary.cpp, line 227]
Event: 3.471 Thread 0x000001a015d18800 Exception <a 'java/lang/NoSuchMethodError'{0x000000008a166cf0}: java.lang.invoke.DirectMethodHandle$Holder.invokeStaticInit(Ljava/lang/Object;IIII)Ljava/lang/Object;> (0x000000008a166cf0) thrown at [./open/src/hotspot/share/interpreter/linkResolver.cpp, l
Event: 3.630 Thread 0x000001a015d18800 Exception <a 'java/lang/NoSuchMethodError'{0x000000008a19bff0}: java.lang.invoke.DirectMethodHandle$Holder.invokeStaticInit(Ljava/lang/Object;Ljava/lang/Object;IIII)Ljava/lang/Object;> (0x000000008a19bff0) thrown at [./open/src/hotspot/share/interpreter/l
Event: 3.937 Thread 0x000001a015d18800 Exception <a 'sun/nio/fs/WindowsException'{0x0000000088e513b8}> (0x0000000088e513b8) thrown at [./open/src/hotspot/share/prims/jni.cpp, line 611]
Event: 3.946 Thread 0x000001a015d18800 Exception <a 'java/lang/NoSuchMethodError'{0x0000000088e76c68}: java.lang.invoke.DirectMethodHandle$Holder.invokeStaticInit(Ljava/lang/Object;Ljava/lang/Object;Ljava/lang/Object;Ljava/lang/Object;)I> (0x0000000088e76c68) thrown at [./open/src/hotspot/shar
Event: 4.181 Thread 0x000001a015d18800 Exception <a 'java/lang/NoSuchMethodError'{0x0000000088375ec8}: java.lang.invoke.DirectMethodHandle$Holder.invokeStaticInit(Ljava/lang/Object;Ljava/lang/Object;Ljava/lang/Object;Ljava/lang/Object;)Ljava/lang/Object;> (0x0000000088375ec8) thrown at [./open

Events (10 events):
Event: 4.279 loading class org/hibernate/annotations/ColumnDefault done
Event: 4.279 loading class org/hibernate/annotations/ColumnTransformer
Event: 4.279 loading class org/hibernate/annotations/ColumnTransformer done
Event: 4.279 loading class org/hibernate/annotations/ColumnTransformers
Event: 4.279 loading class org/hibernate/annotations/ColumnTransformers done
Event: 4.279 loading class org/hibernate/boot/model/source/spi/AttributePath
Event: 4.279 loading class org/hibernate/boot/model/source/spi/AttributePath done
Event: 4.280 loading class org/hibernate/boot/model/source/spi/AbstractAttributeKey
Event: 4.280 loading class org/hibernate/boot/model/source/spi/AbstractAttributeKey done
Event: 4.280 loading class java/util/regex/Pattern$SliceS


Dynamic libraries:
0x00007ff6bead0000 - 0x00007ff6beadf000 	C:\Program Files\Java\jdk-11.0.13\bin\java.exe
0x00007ffef92f0000 - 0x00007ffef9507000 	C:\WINDOWS\SYSTEM32\ntdll.dll
0x00007ffef7eb0000 - 0x00007ffef7f74000 	C:\WINDOWS\System32\KERNEL32.DLL
0x00007ffef6730000 - 0x00007ffef6ad7000 	C:\WINDOWS\System32\KERNELBASE.dll
0x00007ffef6610000 - 0x00007ffef6721000 	C:\WINDOWS\System32\ucrtbase.dll
0x00007ffeed7e0000 - 0x00007ffeed7f5000 	C:\Program Files\Java\jdk-11.0.13\bin\VCRUNTIME140.dll
0x00007ffef3e10000 - 0x00007ffef3e28000 	C:\Program Files\Java\jdk-11.0.13\bin\jli.dll
0x00007ffef89c0000 - 0x00007ffef8a72000 	C:\WINDOWS\System32\ADVAPI32.dll
0x00007ffef8a80000 - 0x00007ffef8b27000 	C:\WINDOWS\System32\msvcrt.dll
0x00007ffef7f80000 - 0x00007ffef8028000 	C:\WINDOWS\System32\sechost.dll
0x00007ffef6ed0000 - 0x00007ffef6ef8000 	C:\WINDOWS\System32\bcrypt.dll
0x00007ffef8b90000 - 0x00007ffef8ca5000 	C:\WINDOWS\System32\RPCRT4.dll
0x00007ffef7090000 - 0x00007ffef723e000 	C:\WINDOWS\System32\USER32.dll
0x00007ffef6ae0000 - 0x00007ffef6b06000 	C:\WINDOWS\System32\win32u.dll
0x00007ffef7e50000 - 0x00007ffef7e79000 	C:\WINDOWS\System32\GDI32.dll
0x00007ffef6f00000 - 0x00007ffef7019000 	C:\WINDOWS\System32\gdi32full.dll
0x00007ffef6b10000 - 0x00007ffef6baa000 	C:\WINDOWS\System32\msvcp_win.dll
0x00007ffed9170000 - 0x00007ffed9403000 	C:\WINDOWS\WinSxS\amd64_microsoft.windows.common-controls_6595b64144ccf1df_6.0.22621.3527_none_270e469b73872a76\COMCTL32.dll
0x00007ffeeb570000 - 0x00007ffeeb57a000 	C:\WINDOWS\SYSTEM32\VERSION.dll
0x00007ffef80a0000 - 0x00007ffef80d1000 	C:\WINDOWS\System32\IMM32.DLL
0x00007ffee7350000 - 0x00007ffee73eb000 	C:\Program Files\Java\jdk-11.0.13\bin\msvcp140.dll
0x00007ffe497d0000 - 0x00007ffe4a2e3000 	C:\Program Files\Java\jdk-11.0.13\bin\server\jvm.dll
0x00007ffef7650000 - 0x00007ffef7658000 	C:\WINDOWS\System32\PSAPI.DLL
0x00007ffee7270000 - 0x00007ffee72a4000 	C:\WINDOWS\SYSTEM32\WINMM.dll
0x00007ffea7670000 - 0x00007ffea7679000 	C:\WINDOWS\SYSTEM32\WSOCK32.dll
0x00007ffef80e0000 - 0x00007ffef8151000 	C:\WINDOWS\System32\WS2_32.dll
0x00007ffef5720000 - 0x00007ffef5738000 	C:\WINDOWS\SYSTEM32\kernel.appcore.dll
0x00007ffef3f00000 - 0x00007ffef3f10000 	C:\Program Files\Java\jdk-11.0.13\bin\verify.dll
0x00007ffef4180000 - 0x00007ffef43b2000 	C:\WINDOWS\SYSTEM32\DBGHELP.DLL
0x00007ffef72c0000 - 0x00007ffef7648000 	C:\WINDOWS\System32\combase.dll
0x00007ffef8e60000 - 0x00007ffef8f37000 	C:\WINDOWS\System32\OLEAUT32.dll
0x00007ffeeb950000 - 0x00007ffeeb982000 	C:\WINDOWS\SYSTEM32\dbgcore.DLL
0x00007ffef6d90000 - 0x00007ffef6e09000 	C:\WINDOWS\System32\bcryptPrimitives.dll
0x00007ffeed4c0000 - 0x00007ffeed4e8000 	C:\Program Files\Java\jdk-11.0.13\bin\java.dll
0x00007ffeeda10000 - 0x00007ffeeda1a000 	C:\Program Files\Java\jdk-11.0.13\bin\jimage.dll
0x00007ffeebd60000 - 0x00007ffeebd76000 	C:\Program Files\Java\jdk-11.0.13\bin\zip.dll
0x00007ffef8160000 - 0x00007ffef89bc000 	C:\WINDOWS\System32\SHELL32.dll
0x00007ffef4550000 - 0x00007ffef4e46000 	C:\WINDOWS\SYSTEM32\windows.storage.dll
0x00007ffef4410000 - 0x00007ffef454e000 	C:\WINDOWS\SYSTEM32\wintypes.dll
0x00007ffef91b0000 - 0x00007ffef92a5000 	C:\WINDOWS\System32\SHCORE.dll
0x00007ffef8030000 - 0x00007ffef808e000 	C:\WINDOWS\System32\shlwapi.dll
0x00007ffef6540000 - 0x00007ffef6561000 	C:\WINDOWS\SYSTEM32\profapi.dll
0x00007ffeebd40000 - 0x00007ffeebd59000 	C:\Program Files\Java\jdk-11.0.13\bin\net.dll
0x00007ffeedc10000 - 0x00007ffeedd46000 	C:\WINDOWS\SYSTEM32\WINHTTP.dll
0x00007ffef5b90000 - 0x00007ffef5bf9000 	C:\WINDOWS\system32\mswsock.dll
0x00007ffeebc80000 - 0x00007ffeebc92000 	C:\Program Files\Java\jdk-11.0.13\bin\nio.dll
0x00007ffeec2e0000 - 0x00007ffeec2e9000 	C:\Program Files\Java\jdk-11.0.13\bin\management.dll
0x00007ffeec2d0000 - 0x00007ffeec2db000 	C:\Program Files\Java\jdk-11.0.13\bin\management_ext.dll
0x00007ffed3430000 - 0x00007ffed3447000 	C:\WINDOWS\system32\napinsp.dll
0x00007ffed17b0000 - 0x00007ffed17cb000 	C:\WINDOWS\system32\pnrpnsp.dll
0x00007ffef5120000 - 0x00007ffef5218000 	C:\WINDOWS\SYSTEM32\DNSAPI.dll
0x00007ffef50b0000 - 0x00007ffef50dd000 	C:\WINDOWS\SYSTEM32\IPHLPAPI.DLL
0x00007ffef7e80000 - 0x00007ffef7e89000 	C:\WINDOWS\System32\NSI.dll
0x00007ffed1790000 - 0x00007ffed17a1000 	C:\WINDOWS\System32\winrnr.dll
0x00007ffeeca10000 - 0x00007ffeeca25000 	C:\WINDOWS\system32\wshbth.dll
0x00007ffed1760000 - 0x00007ffed1787000 	C:\WINDOWS\system32\nlansp_c.dll
0x00007ffeebbb0000 - 0x00007ffeebbba000 	C:\Windows\System32\rasadhlp.dll
0x00007ffeec7d0000 - 0x00007ffeec853000 	C:\WINDOWS\System32\fwpuclnt.dll
0x00007ffef5df0000 - 0x00007ffef5e0b000 	C:\WINDOWS\SYSTEM32\CRYPTSP.dll
0x00007ffef5630000 - 0x00007ffef5665000 	C:\WINDOWS\system32\rsaenh.dll
0x00007ffef5c90000 - 0x00007ffef5cb8000 	C:\WINDOWS\SYSTEM32\USERENV.dll
0x00007ffef5e10000 - 0x00007ffef5e1c000 	C:\WINDOWS\SYSTEM32\CRYPTBASE.dll
0x00007ffeedb00000 - 0x00007ffeedb19000 	C:\WINDOWS\SYSTEM32\dhcpcsvc6.DLL
0x00007ffeeda80000 - 0x00007ffeeda9f000 	C:\WINDOWS\SYSTEM32\dhcpcsvc.DLL
0x00007ffeec290000 - 0x00007ffeec29d000 	C:\Program Files\Java\jdk-11.0.13\bin\sunmscapi.dll
0x00007ffef6c20000 - 0x00007ffef6d88000 	C:\WINDOWS\System32\CRYPT32.dll
0x00007ffef5fb0000 - 0x00007ffef5fde000 	C:\WINDOWS\SYSTEM32\ncrypt.dll
0x00007ffef5f70000 - 0x00007ffef5fa7000 	C:\WINDOWS\SYSTEM32\NTASN1.dll
0x00007ffeec2a0000 - 0x00007ffeec2c5000 	C:\Program Files\Java\jdk-11.0.13\bin\sunec.dll

dbghelp: loaded successfully - version: 4.0.5 - missing functions: none
symbol engine: initialized successfully - sym options: 0x614 - pdb path: .;C:\Program Files\Java\jdk-11.0.13\bin;C:\WINDOWS\SYSTEM32;C:\WINDOWS\WinSxS\amd64_microsoft.windows.common-controls_6595b64144ccf1df_6.0.22621.3527_none_270e469b73872a76;C:\Program Files\Java\jdk-11.0.13\bin\server

VM Arguments:
java_command: C:\Users\vivek\AppData\Local\Temp\surefire6270150826121428310\surefirebooter13140325494918876333.jar C:\Users\vivek\AppData\Local\Temp\surefire6270150826121428310 2024-06-23T21-13-53_410-jvmRun1 surefire2960024654882835184tmp surefire_02349083065564893750tmp
java_class_path (initial): C:\Users\vivek\AppData\Local\Temp\surefire6270150826121428310\surefirebooter13140325494918876333.jar
Launcher Type: SUN_STANDARD

[Global flags]
     intx CICompilerCount                          = 4                                         {product} {ergonomic}
     uint ConcGCThreads                            = 2                                         {product} {ergonomic}
     uint G1ConcRefinementThreads                  = 8                                         {product} {ergonomic}
   size_t G1HeapRegionSize                         = 1048576                                   {product} {ergonomic}
    uintx GCDrainStackTargetSize                   = 64                                        {product} {ergonomic}
   size_t InitialHeapSize                          = 132120576                                 {product} {ergonomic}
   size_t MarkStackSize                            = 4194304                                   {product} {ergonomic}
   size_t MaxHeapSize                              = 2090860544                                {product} {ergonomic}
   size_t MaxNewSize                               = 1254096896                                {product} {ergonomic}
   size_t MinHeapDeltaBytes                        = 1048576                                   {product} {ergonomic}
    uintx NonNMethodCodeHeapSize                   = 5836300                                {pd product} {ergonomic}
    uintx NonProfiledCodeHeapSize                  = 122910970                              {pd product} {ergonomic}
    uintx ProfiledCodeHeapSize                     = 122910970                              {pd product} {ergonomic}
    uintx ReservedCodeCacheSize                    = 251658240                              {pd product} {ergonomic}
     bool SegmentedCodeCache                       = true                                      {product} {ergonomic}
     bool UseCompressedClassPointers               = true                                 {lp64_product} {ergonomic}
     bool UseCompressedOops                        = true                                 {lp64_product} {ergonomic}
     bool UseG1GC                                  = true                                      {product} {ergonomic}
     bool UseLargePagesIndividualAllocation        = false                                  {pd product} {ergonomic}

Logging:
Log output configuration:
 #0: stdout all=warning uptime,level,tags
 #1: stderr all=off uptime,level,tags

Environment Variables:
PATH=C:\Program Files\Common Files\Oracle\Java\javapath;C:\WINDOWS\system32;C:\WINDOWS;C:\WINDOWS\System32\Wbem;C:\WINDOWS\System32\WindowsPowerShell\v1.0\;C:\WINDOWS\System32\OpenSSH\;C:\Program Files\Git\cmd;C:\CXCOM200500P_0-70004955\hybris\bin\platform\apache-ant\bin;%JAVA_HOME%\bin;;C:\Android;C:\Windows\System32;C:\Program Files\nodejs\;C:\Program Files\MySQL\MySQL Shell 8.0\bin\;C:\Users\vivek\AppData\Local\Microsoft\WindowsApps;;C:\Users\vivek\AppData\Local\Programs\Microsoft VS Code\bin;C:\Program Files\JetBrains\IntelliJ IDEA Community Edition 2022.2.1\bin;;C:\Users\vivek\AppData\Roaming\npm
USERNAME=vivek
OS=Windows_NT
PROCESSOR_IDENTIFIER=Intel64 Family 6 Model 140 Stepping 1, GenuineIntel



---------------  S Y S T E M  ---------------

OS: Windows 10 , 64 bit Build 22621 (10.0.22621.3527)

CPU:total 8 (initial active 8) (4 cores per cpu, 2 threads per core) family 6 model 140 stepping 1 microcode 0x8a, cmov, cx8, fxsr, mmx, sse, sse2, sse3, ssse3, sse4.1, sse4.2, popcnt, avx, avx2, aes, clmul, erms, 3dnowpref, lzcnt, ht, tsc, tscinvbit, bmi1, bmi2, adx, evex, sha, fma

Memory: 4k page, system-wide physical 7975M (549M free)
TotalPageFile size 26223M (AvailPageFile size 7M)
current process WorkingSet (physical memory assigned to process): 274M, peak: 274M
current process commit charge ("private bytes"): 351M, peak: 351M

vm_info: Java HotSpot(TM) 64-Bit Server VM (11.0.13+10-LTS-370) for windows-amd64 JRE (11.0.13+10-LTS-370), built on Sep 15 2021 22:10:36 by "mach5one" with MS VC++ 15.9 (VS2017)

END.
