#
# There is insufficient memory for the Java Runtime Environment to continue.
# Native memory allocation (malloc) failed to allocate 632096 bytes. Error detail: Chunk::new
# Possible reasons:
#   The system is out of physical RAM or swap space
#   This process is running with CompressedOops enabled, and the Java Heap may be blocking the growth of the native heap
# Possible solutions:
#   Reduce memory load on the system
#   Increase physical memory or swap space
#   Check if swap backing store is full
#   Decrease Java heap size (-Xmx/-Xms)
#   Decrease number of Java threads
#   Decrease Java thread stack sizes (-Xss)
#   Set larger code cache with -XX:ReservedCodeCacheSize=
#   JVM is running with Unscaled Compressed Oops mode in which the Java heap is
#     placed in the first 4GB address space. The Java Heap base address is the
#     maximum limit for the native heap growth. Please use -XX:HeapBaseMinAddress
#     to set the Java Heap base and to place the Java Heap above 4GB virtual address.
# This output file may be truncated or incomplete.
#
#  Out of Memory Error (arena.cpp:191), pid=18424, tid=16184
#
# JRE version: OpenJDK Runtime Environment Temurin-17.0.11+9 (17.0.11+9) (build 17.0.11+9)
# Java VM: OpenJDK 64-Bit Server VM Temurin-17.0.11+9 (17.0.11+9, mixed mode, tiered, compressed oops, compressed class ptrs, parallel gc, windows-amd64)
# No core dump will be written. Minidumps are not enabled by default on client versions of Windows
#

---------------  S U M M A R Y ------------

Command Line: --add-modules=ALL-SYSTEM --add-opens=java.base/java.util=ALL-UNNAMED --add-opens=java.base/java.lang=ALL-UNNAMED --add-opens=java.base/sun.nio.fs=ALL-UNNAMED -Declipse.application=org.eclipse.jdt.ls.core.id1 -Dosgi.bundles.defaultStartLevel=4 -Declipse.product=org.eclipse.jdt.ls.core.product -Djava.import.generatesMetadataFilesAtProjectRoot=false -DDetectVMInstallationsJob.disabled=true -Dfile.encoding=utf8 -XX:+UseParallelGC -XX:GCTimeRatio=4 -XX:AdaptiveSizePolicyWeight=90 -Dsun.zip.disableMemoryMapping=true -Xmx1G -Xms100m -Xlog:disable -javaagent:c:\Users\vivek\.vscode\extensions\redhat.java-1.31.0-win32-x64\lombok\lombok-1.18.32.jar -XX:+HeapDumpOnOutOfMemoryError -XX:HeapDumpPath=c:\Users\vivek\AppData\Roaming\Code\User\workspaceStorage\c723b1021cb728720928b6b8897082f5\redhat.java -Daether.dependencyCollector.impl=bf c:\Users\vivek\.vscode\extensions\redhat.java-1.31.0-win32-x64\server\plugins\org.eclipse.equinox.launcher_1.6.800.v20240513-1750.jar -configuration c:\Users\vivek\AppData\Roaming\Code\User\globalStorage\redhat.java\1.31.0\config_win -data c:\Users\vivek\AppData\Roaming\Code\User\workspaceStorage\c723b1021cb728720928b6b8897082f5\redhat.java\jdt_ws --pipe=\\.\pipe\lsp-5a5f617c3e3200891ae2d8b2e78a8656-sock

Host: 11th Gen Intel(R) Core(TM) i5-11300H @ 3.10GHz, 8 cores, 7G,  Windows 11 , 64 bit Build 22621 (10.0.22621.3527)
Time: Sun Jun 23 21:47:56 2024 India Standard Time elapsed time: 7.521960 seconds (0d 0h 0m 7s)

---------------  T H R E A D  ---------------

Current thread (0x000002a8c7b1e4d0):  JavaThread "C2 CompilerThread0" daemon [_thread_in_native, id=16184, stack(0x000000e306700000,0x000000e306800000)]


Current CompileTask:
C2:   7522 4316   !   4       org.eclipse.osgi.internal.loader.classpath.ClasspathManager::findClassImpl (308 bytes)

Stack: [0x000000e306700000,0x000000e306800000]
Native frames: (J=compiled Java code, j=interpreted, Vv=VM code, C=native code)
V  [jvm.dll+0x67d429]
V  [jvm.dll+0x834b7a]
V  [jvm.dll+0x83663e]
V  [jvm.dll+0x836ca3]
V  [jvm.dll+0x247dbf]
V  [jvm.dll+0xac534]
V  [jvm.dll+0xacb7c]
V  [jvm.dll+0x2af2cf]
V  [jvm.dll+0x5848b7]
V  [jvm.dll+0x222d82]
V  [jvm.dll+0x21bc7d]
V  [jvm.dll+0x2197a1]
V  [jvm.dll+0x1a534d]
V  [jvm.dll+0x2295cd]
V  [jvm.dll+0x22779c]
V  [jvm.dll+0x7e9d07]
V  [jvm.dll+0x7e410a]
V  [jvm.dll+0x67c315]
C  [ucrtbase.dll+0x29333]
C  [KERNEL32.DLL+0x1257d]
C  [ntdll.dll+0x5aa48]


---------------  P R O C E S S  ---------------

Threads class SMR info:
_java_thread_list=0x000002a8cae93d50, length=42, elements={
0x000002a8ac9becd0, 0x000002a8c279e4e0, 0x000002a8c7ad5930, 0x000002a8c7ae8000,
0x000002a8c7ae8b70, 0x000002a8c7b14fc0, 0x000002a8c7b160d0, 0x000002a8c7b1e4d0,
0x000002a8c7b21730, 0x000002a8c7b2a900, 0x000002a8c7c2bce0, 0x000002a8c7e7f190,
0x000002a8c921ae40, 0x000002a8c921fd40, 0x000002a8c9220220, 0x000002a8c9220700,
0x000002a8c9291010, 0x000002a8c92914f0, 0x000002a8c9201610, 0x000002a8c9200bf0,
0x000002a8c9202540, 0x000002a8c9201100, 0x000002a8c9202030, 0x000002a8c98e4800,
0x000002a8c98e93f0, 0x000002a8c98e7fb0, 0x000002a8c98e5c40, 0x000002a8c98e6b70,
0x000002a8c98e5730, 0x000002a8c98e89d0, 0x000002a8c98e84c0, 0x000002a8c98e1f80,
0x000002a8c9a78fa0, 0x000002a8c98e6660, 0x000002a8cae3f490, 0x000002a8cae3e560,
0x000002a8cae3ef80, 0x000002a8cae3f9a0, 0x000002a8cae3e050, 0x000002a8cae3ea70,
0x000002a8cae419b0, 0x000002a8cae40f90
}

Java Threads: ( => current thread )
  0x000002a8ac9becd0 JavaThread "main" [_thread_blocked, id=4040, stack(0x000000e305e00000,0x000000e305f00000)]
  0x000002a8c279e4e0 JavaThread "Reference Handler" daemon [_thread_blocked, id=27068, stack(0x000000e306100000,0x000000e306200000)]
  0x000002a8c7ad5930 JavaThread "Finalizer" daemon [_thread_blocked, id=35920, stack(0x000000e306200000,0x000000e306300000)]
  0x000002a8c7ae8000 JavaThread "Signal Dispatcher" daemon [_thread_blocked, id=7208, stack(0x000000e306300000,0x000000e306400000)]
  0x000002a8c7ae8b70 JavaThread "Attach Listener" daemon [_thread_blocked, id=8548, stack(0x000000e306400000,0x000000e306500000)]
  0x000002a8c7b14fc0 JavaThread "Service Thread" daemon [_thread_blocked, id=25556, stack(0x000000e306500000,0x000000e306600000)]
  0x000002a8c7b160d0 JavaThread "Monitor Deflation Thread" daemon [_thread_blocked, id=15488, stack(0x000000e306600000,0x000000e306700000)]
=>0x000002a8c7b1e4d0 JavaThread "C2 CompilerThread0" daemon [_thread_in_native, id=16184, stack(0x000000e306700000,0x000000e306800000)]
  0x000002a8c7b21730 JavaThread "C1 CompilerThread0" daemon [_thread_blocked, id=29536, stack(0x000000e306800000,0x000000e306900000)]
  0x000002a8c7b2a900 JavaThread "Sweeper thread" daemon [_thread_blocked, id=18984, stack(0x000000e306900000,0x000000e306a00000)]
  0x000002a8c7c2bce0 JavaThread "Common-Cleaner" daemon [_thread_blocked, id=16372, stack(0x000000e306a00000,0x000000e306b00000)]
  0x000002a8c7e7f190 JavaThread "Notification Thread" daemon [_thread_blocked, id=36592, stack(0x000000e306c00000,0x000000e306d00000)]
  0x000002a8c921ae40 JavaThread "Equinox resolver thread - Equinox Container: fbb21d77-96f6-4d07-9747-b873387d369c" daemon [_thread_blocked, id=29408, stack(0x000000e307400000,0x000000e307500000)]
  0x000002a8c921fd40 JavaThread "Equinox resolver thread - Equinox Container: fbb21d77-96f6-4d07-9747-b873387d369c" daemon [_thread_blocked, id=12248, stack(0x000000e307500000,0x000000e307600000)]
  0x000002a8c9220220 JavaThread "Equinox resolver thread - Equinox Container: fbb21d77-96f6-4d07-9747-b873387d369c" daemon [_thread_blocked, id=33428, stack(0x000000e307600000,0x000000e307700000)]
  0x000002a8c9220700 JavaThread "Equinox resolver thread - Equinox Container: fbb21d77-96f6-4d07-9747-b873387d369c" daemon [_thread_blocked, id=3428, stack(0x000000e307700000,0x000000e307800000)]
  0x000002a8c9291010 JavaThread "Equinox resolver thread - Equinox Container: fbb21d77-96f6-4d07-9747-b873387d369c" daemon [_thread_blocked, id=28780, stack(0x000000e307800000,0x000000e307900000)]
  0x000002a8c92914f0 JavaThread "Equinox resolver thread - Equinox Container: fbb21d77-96f6-4d07-9747-b873387d369c" daemon [_thread_blocked, id=13112, stack(0x000000e307900000,0x000000e307a00000)]
  0x000002a8c9201610 JavaThread "Active Thread: Equinox Container: fbb21d77-96f6-4d07-9747-b873387d369c" [_thread_blocked, id=20792, stack(0x000000e307a00000,0x000000e307b00000)]
  0x000002a8c9200bf0 JavaThread "Framework Event Dispatcher: Equinox Container: fbb21d77-96f6-4d07-9747-b873387d369c" daemon [_thread_blocked, id=33700, stack(0x000000e307b00000,0x000000e307c00000)]
  0x000002a8c9202540 JavaThread "Start Level: Equinox Container: fbb21d77-96f6-4d07-9747-b873387d369c" daemon [_thread_blocked, id=4820, stack(0x000000e307c00000,0x000000e307d00000)]
  0x000002a8c9201100 JavaThread "Refresh Thread: Equinox Container: fbb21d77-96f6-4d07-9747-b873387d369c" daemon [_thread_blocked, id=18048, stack(0x000000e307e00000,0x000000e307f00000)]
  0x000002a8c9202030 JavaThread "Equinox resolver thread - Equinox Container: fbb21d77-96f6-4d07-9747-b873387d369c" daemon [_thread_blocked, id=34300, stack(0x000000e307f00000,0x000000e308000000)]
  0x000002a8c98e4800 JavaThread "Equinox resolver thread - Equinox Container: fbb21d77-96f6-4d07-9747-b873387d369c" daemon [_thread_blocked, id=33080, stack(0x000000e308000000,0x000000e308100000)]
  0x000002a8c98e93f0 JavaThread "Bundle File Closer" daemon [_thread_blocked, id=34532, stack(0x000000e308100000,0x000000e308200000)]
  0x000002a8c98e7fb0 JavaThread "SCR Component Actor" daemon [_thread_blocked, id=22184, stack(0x000000e308200000,0x000000e308300000)]
  0x000002a8c98e5c40 JavaThread "SCR Component Registry" daemon [_thread_blocked, id=30168, stack(0x000000e308300000,0x000000e308400000)]
  0x000002a8c98e6b70 JavaThread "Worker-JM" [_thread_blocked, id=22468, stack(0x000000e308400000,0x000000e308500000)]
  0x000002a8c98e5730 JavaThread "Worker-0: Updating Maven Dependencies" [_thread_in_vm, id=18552, stack(0x000000e307300000,0x000000e307400000)]
  0x000002a8c98e89d0 JavaThread "Worker-1" [_thread_blocked, id=5164, stack(0x000000e308500000,0x000000e308600000)]
  0x000002a8c98e84c0 JavaThread "Java indexing" daemon [_thread_blocked, id=26608, stack(0x000000e308600000,0x000000e308700000)]
  0x000002a8c98e1f80 JavaThread "Worker-2: Repository registry initialization" [_thread_blocked, id=36684, stack(0x000000e308700000,0x000000e308800000)]
  0x000002a8c9a78fa0 JavaThread "JNA Cleaner" daemon [_thread_blocked, id=9852, stack(0x000000e308800000,0x000000e308900000)]
  0x000002a8c98e6660 JavaThread "Worker-3" [_thread_blocked, id=14476, stack(0x000000e308900000,0x000000e308a00000)]
  0x000002a8cae3f490 JavaThread "Thread-2" daemon [_thread_in_native, id=37196, stack(0x000000e308a00000,0x000000e308b00000)]
  0x000002a8cae3e560 JavaThread "Thread-3" daemon [_thread_in_native, id=24836, stack(0x000000e308b00000,0x000000e308c00000)]
  0x000002a8cae3ef80 JavaThread "Thread-4" daemon [_thread_in_native, id=17176, stack(0x000000e308c00000,0x000000e308d00000)]
  0x000002a8cae3f9a0 JavaThread "Thread-5" daemon [_thread_in_native, id=20972, stack(0x000000e308d00000,0x000000e308e00000)]
  0x000002a8cae3e050 JavaThread "Thread-6" daemon [_thread_in_native, id=25544, stack(0x000000e308e00000,0x000000e308f00000)]
  0x000002a8cae3ea70 JavaThread "Thread-7" daemon [_thread_in_native, id=1740, stack(0x000000e308f00000,0x000000e309000000)]
  0x000002a8cae419b0 JavaThread "Thread-8" daemon [_thread_in_native, id=16144, stack(0x000000e309000000,0x000000e309100000)]
  0x000002a8cae40f90 JavaThread "Framework stop - Equinox Container: fbb21d77-96f6-4d07-9747-b873387d369c" [_thread_blocked, id=17404, stack(0x000000e309100000,0x000000e309200000)]

Other Threads:
  0x000002a8c7ac0c20 VMThread "VM Thread" [stack: 0x000000e306000000,0x000000e306100000] [id=32336]
  0x000002a8c8a42eb0 WatcherThread [stack: 0x000000e306d00000,0x000000e306e00000] [id=33828]
  0x000002a8ac9d2a50 GCTaskThread "GC Thread#0" [stack: 0x000000e305f00000,0x000000e306000000] [id=21540]
  0x000002a8c929be60 GCTaskThread "GC Thread#1" [stack: 0x000000e306b00000,0x000000e306c00000] [id=9552]
  0x000002a8c9154f40 GCTaskThread "GC Thread#2" [stack: 0x000000e306e00000,0x000000e306f00000] [id=27208]
  0x000002a8c929da40 GCTaskThread "GC Thread#3" [stack: 0x000000e306f00000,0x000000e307000000] [id=23120]
  0x000002a8c8ef6720 GCTaskThread "GC Thread#4" [stack: 0x000000e307000000,0x000000e307100000] [id=16936]
  0x000002a8c92b7910 GCTaskThread "GC Thread#5" [stack: 0x000000e307100000,0x000000e307200000] [id=1572]
  0x000002a8c92b7bd0 GCTaskThread "GC Thread#6" [stack: 0x000000e307200000,0x000000e307300000] [id=27464]
  0x000002a8c904e170 GCTaskThread "GC Thread#7" [stack: 0x000000e307d00000,0x000000e307e00000] [id=37228]

Threads with active compile tasks:
C2 CompilerThread0     7561 4316   !   4       org.eclipse.osgi.internal.loader.classpath.ClasspathManager::findClassImpl (308 bytes)

VM state: not at safepoint (normal execution)

VM Mutex/Monitor currently owned by a thread: None

OutOfMemory and StackOverflow Exception counts:
OutOfMemoryError java_heap_errors=2
LinkageErrors=67

Heap address: 0x00000000c0000000, size: 1024 MB, Compressed Oops mode: 32-bit

CDS archive(s) not mapped
Compressed class space mapped at: 0x0000000100000000-0x0000000140000000, reserved size: 1073741824
Narrow klass base: 0x0000000000000000, Narrow klass shift: 3, Narrow klass range: 0x140000000

GC Precious Log:
 CPUs: 8 total, 8 available
 Memory: 7975M
 Large Page Support: Disabled
 NUMA Support: Disabled
 Compressed Oops: Enabled (32-bit)
 Alignments: Space 512K, Generation 512K, Heap 2M
 Heap Min Capacity: 100M
 Heap Initial Capacity: 100M
 Heap Max Capacity: 1G
 Pre-touch: Disabled
 Parallel Workers: 8

Heap:
 PSYoungGen      total 23040K, used 3398K [0x00000000eab00000, 0x00000000ec700000, 0x0000000100000000)
  eden space 22016K, 11% used [0x00000000eab00000,0x00000000ead67400,0x00000000ec080000)
  from space 1024K, 91% used [0x00000000ec500000,0x00000000ec5ea578,0x00000000ec600000)
  to   space 1024K, 0% used [0x00000000ec600000,0x00000000ec600000,0x00000000ec700000)
 ParOldGen       total 68608K, used 15141K [0x00000000c0000000, 0x00000000c4300000, 0x00000000eab00000)
  object space 68608K, 22% used [0x00000000c0000000,0x00000000c0ec9748,0x00000000c4300000)
 Metaspace       used 38758K, committed 39488K, reserved 1114112K
  class space    used 3884K, committed 4160K, reserved 1048576K

Card table byte_map: [0x000002a8c0010000,0x000002a8c0220000] _byte_map_base: 0x000002a8bfa10000

Marking Bits: (ParMarkBitMap*) 0x00007ffe8bb8d820
 Begin Bits: [0x000002a8c0380000, 0x000002a8c1380000)
 End Bits:   [0x000002a8c1380000, 0x000002a8c2380000)

Polling page: 0x000002a8aca70000

Metaspace:

Usage:
  Non-class:     34.06 MB used.
      Class:      3.79 MB used.
       Both:     37.85 MB used.

Virtual space:
  Non-class space:       64.00 MB reserved,      34.50 MB ( 54%) committed,  1 nodes.
      Class space:        1.00 GB reserved,       4.06 MB ( <1%) committed,  1 nodes.
             Both:        1.06 GB reserved,      38.56 MB (  4%) committed. 

Chunk freelists:
   Non-Class:  12.76 MB
       Class:  11.76 MB
        Both:  24.52 MB

MaxMetaspaceSize: unlimited
CompressedClassSpaceSize: 1.00 GB
Initial GC threshold: 21.00 MB
Current GC threshold: 58.38 MB
CDS: off
MetaspaceReclaimPolicy: balanced
 - commit_granule_bytes: 65536.
 - commit_granule_words: 8192.
 - virtual_space_node_default_size: 8388608.
 - enlarge_chunks_in_place: 1.
 - new_chunks_are_fully_committed: 0.
 - uncommit_free_chunks: 1.
 - use_allocation_guard: 0.
 - handle_deallocations: 1.


Internal statistics:

num_allocs_failed_limit: 6.
num_arena_births: 494.
num_arena_deaths: 14.
num_vsnodes_births: 2.
num_vsnodes_deaths: 0.
num_space_committed: 617.
num_space_uncommitted: 0.
num_chunks_returned_to_freelist: 20.
num_chunks_taken_from_freelist: 1732.
num_chunk_merges: 11.
num_chunk_splits: 1116.
num_chunks_enlarged: 729.
num_inconsistent_stats: 0.

CodeHeap 'non-profiled nmethods': size=120000Kb used=1943Kb max_used=1943Kb free=118056Kb
 bounds [0x000002a8b88f0000, 0x000002a8b8b60000, 0x000002a8bfe20000]
CodeHeap 'profiled nmethods': size=120000Kb used=9581Kb max_used=9581Kb free=110418Kb
 bounds [0x000002a8b0e20000, 0x000002a8b1780000, 0x000002a8b8350000]
CodeHeap 'non-nmethods': size=5760Kb used=1283Kb max_used=1313Kb free=4477Kb
 bounds [0x000002a8b8350000, 0x000002a8b85c0000, 0x000002a8b88f0000]
 total_blobs=4985 nmethods=4391 adapters=508
 compilation: enabled
              stopped_count=0, restarted_count=0
 full_count=0

Compilation events (20 events):
Event: 7.405 Thread 0x000002a8c7b21730 4383       3       java.lang.invoke.MemberName::getFactory (4 bytes)
Event: 7.405 Thread 0x000002a8c7b21730 nmethod 4383 0x000002a8b1771510 code [0x000002a8b17716a0, 0x000002a8b1771798]
Event: 7.405 Thread 0x000002a8c7b21730 4384       3       org.apache.felix.scr.impl.inject.BaseParameter::<init> (10 bytes)
Event: 7.405 Thread 0x000002a8c7b21730 nmethod 4384 0x000002a8b1771810 code [0x000002a8b17719a0, 0x000002a8b1771b18]
Event: 7.406 Thread 0x000002a8c7b21730 4387       3       org.eclipse.osgi.internal.serviceregistry.ServiceReferenceImpl::hashCode (8 bytes)
Event: 7.406 Thread 0x000002a8c7b21730 nmethod 4387 0x000002a8b1771c10 code [0x000002a8b1771dc0, 0x000002a8b1771f88]
Event: 7.406 Thread 0x000002a8c7b21730 4388   !   3       org.eclipse.osgi.internal.serviceregistry.ServiceRegistry::publishServiceEventPrivileged (324 bytes)
Event: 7.412 Thread 0x000002a8c7b21730 nmethod 4388 0x000002a8b1772090 code [0x000002a8b1772540, 0x000002a8b1774f78]
Event: 7.412 Thread 0x000002a8c7b21730 4389       3       org.eclipse.osgi.internal.serviceregistry.ServiceRegistry::hasListenServicePermission (53 bytes)
Event: 7.414 Thread 0x000002a8c7b21730 nmethod 4389 0x000002a8b1775f90 code [0x000002a8b17761a0, 0x000002a8b1776898]
Event: 7.414 Thread 0x000002a8c7b21730 4390       3       org.eclipse.osgi.internal.serviceregistry.FilteredServiceListener::filterMatch (96 bytes)
Event: 7.415 Thread 0x000002a8c7b21730 nmethod 4390 0x000002a8b1776b90 code [0x000002a8b1776e40, 0x000002a8b17782e8]
Event: 7.415 Thread 0x000002a8c7b21730 4391       1       java.util.Collections$EmptySet::contains (2 bytes)
Event: 7.415 Thread 0x000002a8c7b21730 nmethod 4391 0x000002a8b8ad5610 code [0x000002a8b8ad57a0, 0x000002a8b8ad5878]
Event: 7.415 Thread 0x000002a8c7b21730 4392       1       org.apache.felix.scr.impl.inject.methods.BaseMethod::getDSVersion (5 bytes)
Event: 7.415 Thread 0x000002a8c7b21730 nmethod 4392 0x000002a8b8ad5910 code [0x000002a8b8ad5aa0, 0x000002a8b8ad5b78]
Event: 7.513 Thread 0x000002a8c7b21730 4393       3       java.lang.Module::canRead (86 bytes)
Event: 7.516 Thread 0x000002a8c7b21730 nmethod 4393 0x000002a8b1778910 code [0x000002a8b1778cc0, 0x000002a8b177a648]
Event: 7.517 Thread 0x000002a8c7b21730 4394       3       java.util.ImmutableCollections$List12::<init> (20 bytes)
Event: 7.517 Thread 0x000002a8c7b21730 nmethod 4394 0x000002a8b177ad10 code [0x000002a8b177aee0, 0x000002a8b177b2e8]

GC Heap History (20 events):
Event: 4.901 GC heap before
{Heap before GC invocations=6 (full 0):
 PSYoungGen      total 29184K, used 11165K [0x00000000eab00000, 0x00000000ecf80000, 0x0000000100000000)
  eden space 25088K, 28% used [0x00000000eab00000,0x00000000eb1eae68,0x00000000ec380000)
  from space 4096K, 99% used [0x00000000ec400000,0x00000000ec7fc7c8,0x00000000ec800000)
  to   space 6144K, 0% used [0x00000000ec980000,0x00000000ec980000,0x00000000ecf80000)
 ParOldGen       total 68608K, used 10744K [0x00000000c0000000, 0x00000000c4300000, 0x00000000eab00000)
  object space 68608K, 15% used [0x00000000c0000000,0x00000000c0a7e280,0x00000000c4300000)
 Metaspace       used 21078K, committed 21504K, reserved 1114112K
  class space    used 2108K, committed 2304K, reserved 1048576K
}
Event: 4.905 GC heap after
{Heap after GC invocations=6 (full 0):
 PSYoungGen      total 30208K, used 4610K [0x00000000eab00000, 0x00000000ece80000, 0x0000000100000000)
  eden space 25088K, 0% used [0x00000000eab00000,0x00000000eab00000,0x00000000ec380000)
  from space 5120K, 90% used [0x00000000ec980000,0x00000000ece00a38,0x00000000ece80000)
  to   space 5120K, 0% used [0x00000000ec480000,0x00000000ec480000,0x00000000ec980000)
 ParOldGen       total 68608K, used 10752K [0x00000000c0000000, 0x00000000c4300000, 0x00000000eab00000)
  object space 68608K, 15% used [0x00000000c0000000,0x00000000c0a80280,0x00000000c4300000)
 Metaspace       used 21078K, committed 21504K, reserved 1114112K
  class space    used 2108K, committed 2304K, reserved 1048576K
}
Event: 4.905 GC heap before
{Heap before GC invocations=7 (full 1):
 PSYoungGen      total 30208K, used 4610K [0x00000000eab00000, 0x00000000ece80000, 0x0000000100000000)
  eden space 25088K, 0% used [0x00000000eab00000,0x00000000eab00000,0x00000000ec380000)
  from space 5120K, 90% used [0x00000000ec980000,0x00000000ece00a38,0x00000000ece80000)
  to   space 5120K, 0% used [0x00000000ec480000,0x00000000ec480000,0x00000000ec980000)
 ParOldGen       total 68608K, used 10752K [0x00000000c0000000, 0x00000000c4300000, 0x00000000eab00000)
  object space 68608K, 15% used [0x00000000c0000000,0x00000000c0a80280,0x00000000c4300000)
 Metaspace       used 21078K, committed 21504K, reserved 1114112K
  class space    used 2108K, committed 2304K, reserved 1048576K
}
Event: 4.934 GC heap after
{Heap after GC invocations=7 (full 1):
 PSYoungGen      total 30208K, used 0K [0x00000000eab00000, 0x00000000ece80000, 0x0000000100000000)
  eden space 25088K, 0% used [0x00000000eab00000,0x00000000eab00000,0x00000000ec380000)
  from space 5120K, 0% used [0x00000000ec980000,0x00000000ec980000,0x00000000ece80000)
  to   space 5120K, 0% used [0x00000000ec480000,0x00000000ec480000,0x00000000ec980000)
 ParOldGen       total 68608K, used 10883K [0x00000000c0000000, 0x00000000c4300000, 0x00000000eab00000)
  object space 68608K, 15% used [0x00000000c0000000,0x00000000c0aa0d40,0x00000000c4300000)
 Metaspace       used 21078K, committed 21504K, reserved 1114112K
  class space    used 2108K, committed 2304K, reserved 1048576K
}
Event: 5.623 GC heap before
{Heap before GC invocations=8 (full 1):
 PSYoungGen      total 30208K, used 25088K [0x00000000eab00000, 0x00000000ece80000, 0x0000000100000000)
  eden space 25088K, 100% used [0x00000000eab00000,0x00000000ec380000,0x00000000ec380000)
  from space 5120K, 0% used [0x00000000ec980000,0x00000000ec980000,0x00000000ece80000)
  to   space 5120K, 0% used [0x00000000ec480000,0x00000000ec480000,0x00000000ec980000)
 ParOldGen       total 68608K, used 10883K [0x00000000c0000000, 0x00000000c4300000, 0x00000000eab00000)
  object space 68608K, 15% used [0x00000000c0000000,0x00000000c0aa0d40,0x00000000c4300000)
 Metaspace       used 24517K, committed 25024K, reserved 1114112K
  class space    used 2481K, committed 2688K, reserved 1048576K
}
Event: 5.625 GC heap after
{Heap after GC invocations=8 (full 1):
 PSYoungGen      total 25600K, used 896K [0x00000000eab00000, 0x00000000eca00000, 0x0000000100000000)
  eden space 24576K, 0% used [0x00000000eab00000,0x00000000eab00000,0x00000000ec300000)
  from space 1024K, 87% used [0x00000000ec480000,0x00000000ec560000,0x00000000ec580000)
  to   space 2560K, 0% used [0x00000000ec780000,0x00000000ec780000,0x00000000eca00000)
 ParOldGen       total 68608K, used 10891K [0x00000000c0000000, 0x00000000c4300000, 0x00000000eab00000)
  object space 68608K, 15% used [0x00000000c0000000,0x00000000c0aa2d40,0x00000000c4300000)
 Metaspace       used 24517K, committed 25024K, reserved 1114112K
  class space    used 2481K, committed 2688K, reserved 1048576K
}
Event: 5.901 GC heap before
{Heap before GC invocations=9 (full 1):
 PSYoungGen      total 25600K, used 25472K [0x00000000eab00000, 0x00000000eca00000, 0x0000000100000000)
  eden space 24576K, 100% used [0x00000000eab00000,0x00000000ec300000,0x00000000ec300000)
  from space 1024K, 87% used [0x00000000ec480000,0x00000000ec560000,0x00000000ec580000)
  to   space 2560K, 0% used [0x00000000ec780000,0x00000000ec780000,0x00000000eca00000)
 ParOldGen       total 68608K, used 10891K [0x00000000c0000000, 0x00000000c4300000, 0x00000000eab00000)
  object space 68608K, 15% used [0x00000000c0000000,0x00000000c0aa2d40,0x00000000c4300000)
 Metaspace       used 27417K, committed 28032K, reserved 1114112K
  class space    used 2786K, committed 3008K, reserved 1048576K
}
Event: 5.903 GC heap after
{Heap after GC invocations=9 (full 1):
 PSYoungGen      total 26624K, used 2536K [0x00000000eab00000, 0x00000000eca00000, 0x0000000100000000)
  eden space 24064K, 0% used [0x00000000eab00000,0x00000000eab00000,0x00000000ec280000)
  from space 2560K, 99% used [0x00000000ec780000,0x00000000ec9fa0a0,0x00000000eca00000)
  to   space 3072K, 0% used [0x00000000ec400000,0x00000000ec400000,0x00000000ec700000)
 ParOldGen       total 68608K, used 11075K [0x00000000c0000000, 0x00000000c4300000, 0x00000000eab00000)
  object space 68608K, 16% used [0x00000000c0000000,0x00000000c0ad0d50,0x00000000c4300000)
 Metaspace       used 27417K, committed 28032K, reserved 1114112K
  class space    used 2786K, committed 3008K, reserved 1048576K
}
Event: 6.165 GC heap before
{Heap before GC invocations=10 (full 1):
 PSYoungGen      total 26624K, used 26600K [0x00000000eab00000, 0x00000000eca00000, 0x0000000100000000)
  eden space 24064K, 100% used [0x00000000eab00000,0x00000000ec280000,0x00000000ec280000)
  from space 2560K, 99% used [0x00000000ec780000,0x00000000ec9fa0a0,0x00000000eca00000)
  to   space 3072K, 0% used [0x00000000ec400000,0x00000000ec400000,0x00000000ec700000)
 ParOldGen       total 68608K, used 11075K [0x00000000c0000000, 0x00000000c4300000, 0x00000000eab00000)
  object space 68608K, 16% used [0x00000000c0000000,0x00000000c0ad0d50,0x00000000c4300000)
 Metaspace       used 29835K, committed 30528K, reserved 1114112K
  class space    used 2932K, committed 3200K, reserved 1048576K
}
Event: 6.167 GC heap after
{Heap after GC invocations=10 (full 1):
 PSYoungGen      total 26624K, used 2809K [0x00000000eab00000, 0x00000000ec800000, 0x0000000100000000)
  eden space 23552K, 0% used [0x00000000eab00000,0x00000000eab00000,0x00000000ec200000)
  from space 3072K, 91% used [0x00000000ec400000,0x00000000ec6be5c0,0x00000000ec700000)
  to   space 1024K, 0% used [0x00000000ec700000,0x00000000ec700000,0x00000000ec800000)
 ParOldGen       total 68608K, used 11083K [0x00000000c0000000, 0x00000000c4300000, 0x00000000eab00000)
  object space 68608K, 16% used [0x00000000c0000000,0x00000000c0ad2d50,0x00000000c4300000)
 Metaspace       used 29835K, committed 30528K, reserved 1114112K
  class space    used 2932K, committed 3200K, reserved 1048576K
}
Event: 6.306 GC heap before
{Heap before GC invocations=11 (full 1):
 PSYoungGen      total 26624K, used 26361K [0x00000000eab00000, 0x00000000ec800000, 0x0000000100000000)
  eden space 23552K, 100% used [0x00000000eab00000,0x00000000ec200000,0x00000000ec200000)
  from space 3072K, 91% used [0x00000000ec400000,0x00000000ec6be5c0,0x00000000ec700000)
  to   space 1024K, 0% used [0x00000000ec700000,0x00000000ec700000,0x00000000ec800000)
 ParOldGen       total 68608K, used 11083K [0x00000000c0000000, 0x00000000c4300000, 0x00000000eab00000)
  object space 68608K, 16% used [0x00000000c0000000,0x00000000c0ad2d50,0x00000000c4300000)
 Metaspace       used 32084K, committed 32768K, reserved 1114112K
  class space    used 3111K, committed 3392K, reserved 1048576K
}
Event: 6.309 GC heap after
{Heap after GC invocations=11 (full 1):
 PSYoungGen      total 24064K, used 590K [0x00000000eab00000, 0x00000000ec800000, 0x0000000100000000)
  eden space 23040K, 0% used [0x00000000eab00000,0x00000000eab00000,0x00000000ec180000)
  from space 1024K, 57% used [0x00000000ec700000,0x00000000ec793890,0x00000000ec800000)
  to   space 1536K, 0% used [0x00000000ec500000,0x00000000ec500000,0x00000000ec680000)
 ParOldGen       total 68608K, used 15202K [0x00000000c0000000, 0x00000000c4300000, 0x00000000eab00000)
  object space 68608K, 22% used [0x00000000c0000000,0x00000000c0ed8a40,0x00000000c4300000)
 Metaspace       used 32084K, committed 32768K, reserved 1114112K
  class space    used 3111K, committed 3392K, reserved 1048576K
}
Event: 6.848 GC heap before
{Heap before GC invocations=12 (full 1):
 PSYoungGen      total 24064K, used 23630K [0x00000000eab00000, 0x00000000ec800000, 0x0000000100000000)
  eden space 23040K, 100% used [0x00000000eab00000,0x00000000ec180000,0x00000000ec180000)
  from space 1024K, 57% used [0x00000000ec700000,0x00000000ec793890,0x00000000ec800000)
  to   space 1536K, 0% used [0x00000000ec500000,0x00000000ec500000,0x00000000ec680000)
 ParOldGen       total 68608K, used 15202K [0x00000000c0000000, 0x00000000c4300000, 0x00000000eab00000)
  object space 68608K, 22% used [0x00000000c0000000,0x00000000c0ed8a40,0x00000000c4300000)
 Metaspace       used 35137K, committed 35776K, reserved 1114112K
  class space    used 3424K, committed 3648K, reserved 1048576K
}
Event: 6.850 GC heap after
{Heap after GC invocations=12 (full 1):
 PSYoungGen      total 24064K, used 1448K [0x00000000eab00000, 0x00000000ec780000, 0x0000000100000000)
  eden space 22528K, 0% used [0x00000000eab00000,0x00000000eab00000,0x00000000ec100000)
  from space 1536K, 94% used [0x00000000ec500000,0x00000000ec66a290,0x00000000ec680000)
  to   space 1024K, 0% used [0x00000000ec680000,0x00000000ec680000,0x00000000ec780000)
 ParOldGen       total 68608K, used 15560K [0x00000000c0000000, 0x00000000c4300000, 0x00000000eab00000)
  object space 68608K, 22% used [0x00000000c0000000,0x00000000c0f32220,0x00000000c4300000)
 Metaspace       used 35137K, committed 35776K, reserved 1114112K
  class space    used 3424K, committed 3648K, reserved 1048576K
}
Event: 6.856 GC heap before
{Heap before GC invocations=13 (full 1):
 PSYoungGen      total 24064K, used 2255K [0x00000000eab00000, 0x00000000ec780000, 0x0000000100000000)
  eden space 22528K, 3% used [0x00000000eab00000,0x00000000eabc9ac0,0x00000000ec100000)
  from space 1536K, 94% used [0x00000000ec500000,0x00000000ec66a290,0x00000000ec680000)
  to   space 1024K, 0% used [0x00000000ec680000,0x00000000ec680000,0x00000000ec780000)
 ParOldGen       total 68608K, used 15560K [0x00000000c0000000, 0x00000000c4300000, 0x00000000eab00000)
  object space 68608K, 22% used [0x00000000c0000000,0x00000000c0f32220,0x00000000c4300000)
 Metaspace       used 35203K, committed 35840K, reserved 1114112K
  class space    used 3430K, committed 3648K, reserved 1048576K
}
Event: 6.857 GC heap after
{Heap after GC invocations=13 (full 1):
 PSYoungGen      total 23040K, used 363K [0x00000000eab00000, 0x00000000ec700000, 0x0000000100000000)
  eden space 22528K, 0% used [0x00000000eab00000,0x00000000eab00000,0x00000000ec100000)
  from space 512K, 70% used [0x00000000ec680000,0x00000000ec6dacc0,0x00000000ec700000)
  to   space 1024K, 0% used [0x00000000ec500000,0x00000000ec500000,0x00000000ec600000)
 ParOldGen       total 68608K, used 16883K [0x00000000c0000000, 0x00000000c4300000, 0x00000000eab00000)
  object space 68608K, 24% used [0x00000000c0000000,0x00000000c107cc98,0x00000000c4300000)
 Metaspace       used 35203K, committed 35840K, reserved 1114112K
  class space    used 3430K, committed 3648K, reserved 1048576K
}
Event: 6.857 GC heap before
{Heap before GC invocations=14 (full 2):
 PSYoungGen      total 23040K, used 363K [0x00000000eab00000, 0x00000000ec700000, 0x0000000100000000)
  eden space 22528K, 0% used [0x00000000eab00000,0x00000000eab00000,0x00000000ec100000)
  from space 512K, 70% used [0x00000000ec680000,0x00000000ec6dacc0,0x00000000ec700000)
  to   space 1024K, 0% used [0x00000000ec500000,0x00000000ec500000,0x00000000ec600000)
 ParOldGen       total 68608K, used 16883K [0x00000000c0000000, 0x00000000c4300000, 0x00000000eab00000)
  object space 68608K, 24% used [0x00000000c0000000,0x00000000c107cc98,0x00000000c4300000)
 Metaspace       used 35203K, committed 35840K, reserved 1114112K
  class space    used 3430K, committed 3648K, reserved 1048576K
}
Event: 6.917 GC heap after
{Heap after GC invocations=14 (full 2):
 PSYoungGen      total 23040K, used 0K [0x00000000eab00000, 0x00000000ec700000, 0x0000000100000000)
  eden space 22528K, 0% used [0x00000000eab00000,0x00000000eab00000,0x00000000ec100000)
  from space 512K, 0% used [0x00000000ec680000,0x00000000ec680000,0x00000000ec700000)
  to   space 1024K, 0% used [0x00000000ec500000,0x00000000ec500000,0x00000000ec600000)
 ParOldGen       total 68608K, used 15133K [0x00000000c0000000, 0x00000000c4300000, 0x00000000eab00000)
  object space 68608K, 22% used [0x00000000c0000000,0x00000000c0ec7748,0x00000000c4300000)
 Metaspace       used 35189K, committed 35840K, reserved 1114112K
  class space    used 3427K, committed 3648K, reserved 1048576K
}
Event: 7.439 GC heap before
{Heap before GC invocations=15 (full 2):
 PSYoungGen      total 23040K, used 22525K [0x00000000eab00000, 0x00000000ec700000, 0x0000000100000000)
  eden space 22528K, 99% used [0x00000000eab00000,0x00000000ec0ff588,0x00000000ec100000)
  from space 512K, 0% used [0x00000000ec680000,0x00000000ec680000,0x00000000ec700000)
  to   space 1024K, 0% used [0x00000000ec500000,0x00000000ec500000,0x00000000ec600000)
 ParOldGen       total 68608K, used 15133K [0x00000000c0000000, 0x00000000c4300000, 0x00000000eab00000)
  object space 68608K, 22% used [0x00000000c0000000,0x00000000c0ec7748,0x00000000c4300000)
 Metaspace       used 38433K, committed 39168K, reserved 1114112K
  class space    used 3830K, committed 4096K, reserved 1048576K
}
Event: 7.441 GC heap after
{Heap after GC invocations=15 (full 2):
 PSYoungGen      total 23040K, used 937K [0x00000000eab00000, 0x00000000ec700000, 0x0000000100000000)
  eden space 22016K, 0% used [0x00000000eab00000,0x00000000eab00000,0x00000000ec080000)
  from space 1024K, 91% used [0x00000000ec500000,0x00000000ec5ea578,0x00000000ec600000)
  to   space 1024K, 0% used [0x00000000ec600000,0x00000000ec600000,0x00000000ec700000)
 ParOldGen       total 68608K, used 15141K [0x00000000c0000000, 0x00000000c4300000, 0x00000000eab00000)
  object space 68608K, 22% used [0x00000000c0000000,0x00000000c0ec9748,0x00000000c4300000)
 Metaspace       used 38433K, committed 39168K, reserved 1114112K
  class space    used 3830K, committed 4096K, reserved 1048576K
}

Dll operation events (12 events):
Event: 0.155 Loaded shared library c:\Users\vivek\.vscode\extensions\redhat.java-1.31.0-win32-x64\jre\17.0.11-win32-x86_64\bin\java.dll
Event: 0.477 Loaded shared library c:\Users\vivek\.vscode\extensions\redhat.java-1.31.0-win32-x64\jre\17.0.11-win32-x86_64\bin\zip.dll
Event: 0.484 Loaded shared library C:\Users\vivek\.vscode\extensions\redhat.java-1.31.0-win32-x64\jre\17.0.11-win32-x86_64\bin\instrument.dll
Event: 0.534 Loaded shared library C:\Users\vivek\.vscode\extensions\redhat.java-1.31.0-win32-x64\jre\17.0.11-win32-x86_64\bin\net.dll
Event: 0.575 Loaded shared library C:\Users\vivek\.vscode\extensions\redhat.java-1.31.0-win32-x64\jre\17.0.11-win32-x86_64\bin\nio.dll
Event: 0.583 Loaded shared library C:\Users\vivek\.vscode\extensions\redhat.java-1.31.0-win32-x64\jre\17.0.11-win32-x86_64\bin\zip.dll
Event: 0.598 Loaded shared library C:\Users\vivek\.vscode\extensions\redhat.java-1.31.0-win32-x64\jre\17.0.11-win32-x86_64\bin\jimage.dll
Event: 0.772 Loaded shared library c:\Users\vivek\.vscode\extensions\redhat.java-1.31.0-win32-x64\jre\17.0.11-win32-x86_64\bin\verify.dll
Event: 2.866 Loaded shared library C:\Users\vivek\AppData\Roaming\Code\User\globalStorage\redhat.java\1.31.0\config_win\org.eclipse.equinox.launcher\org.eclipse.equinox.launcher.win32.win32.x86_64_1.2.1000.v20240507-1834\eclipse_11902.dll
Event: 5.245 Loaded shared library C:\Users\vivek\.vscode\extensions\redhat.java-1.31.0-win32-x64\jre\17.0.11-win32-x86_64\bin\management.dll
Event: 5.253 Loaded shared library C:\Users\vivek\.vscode\extensions\redhat.java-1.31.0-win32-x64\jre\17.0.11-win32-x86_64\bin\management_ext.dll
Event: 7.021 Loaded shared library C:\Users\vivek\AppData\Local\Temp\jna-112220169\jna3354041777707739017.dll

Deoptimization events (20 events):
Event: 7.089 Thread 0x000002a8c9202540 DEOPT PACKING pc=0x000002a8b8a30e38 sp=0x000000e307cfcaf0
Event: 7.089 Thread 0x000002a8c9202540 DEOPT UNPACKING pc=0x000002a8b83a9ea3 sp=0x000000e307cfca58 mode 2
Event: 7.104 Thread 0x000002a8c9202540 Uncommon trap: trap_request=0xffffff45 fr.pc=0x000002a8b8a599c4 relative=0x00000000000007c4
Event: 7.104 Thread 0x000002a8c9202540 Uncommon trap: reason=unstable_if action=reinterpret pc=0x000002a8b8a599c4 method=java.util.Properties$LineReader.readLine()I @ 249 c2
Event: 7.104 Thread 0x000002a8c9202540 DEOPT PACKING pc=0x000002a8b8a599c4 sp=0x000000e307cfc7a0
Event: 7.104 Thread 0x000002a8c9202540 DEOPT UNPACKING pc=0x000002a8b83a9ea3 sp=0x000000e307cfc738 mode 2
Event: 7.136 Thread 0x000002a8c9202540 DEOPT PACKING pc=0x000002a8b135d49c sp=0x000000e307cfd990
Event: 7.136 Thread 0x000002a8c9202540 DEOPT UNPACKING pc=0x000002a8b83aa9e3 sp=0x000000e307cfcee0 mode 0
Event: 7.403 Thread 0x000002a8cae40f90 Uncommon trap: trap_request=0xffffffde fr.pc=0x000002a8b899e250 relative=0x0000000000000510
Event: 7.403 Thread 0x000002a8cae40f90 Uncommon trap: reason=class_check action=maybe_recompile pc=0x000002a8b899e250 method=java.util.HashMap.removeNode(ILjava/lang/Object;Ljava/lang/Object;ZZ)Ljava/util/HashMap$Node; @ 68 c2
Event: 7.403 Thread 0x000002a8cae40f90 DEOPT PACKING pc=0x000002a8b899e250 sp=0x000000e3091fe240
Event: 7.403 Thread 0x000002a8cae40f90 DEOPT UNPACKING pc=0x000002a8b83a9ea3 sp=0x000000e3091fe148 mode 2
Event: 7.405 Thread 0x000002a8cae40f90 Uncommon trap: trap_request=0xffffffde fr.pc=0x000002a8b899e250 relative=0x0000000000000510
Event: 7.405 Thread 0x000002a8cae40f90 Uncommon trap: reason=class_check action=maybe_recompile pc=0x000002a8b899e250 method=java.util.HashMap.removeNode(ILjava/lang/Object;Ljava/lang/Object;ZZ)Ljava/util/HashMap$Node; @ 68 c2
Event: 7.405 Thread 0x000002a8cae40f90 DEOPT PACKING pc=0x000002a8b899e250 sp=0x000000e3091fe240
Event: 7.405 Thread 0x000002a8cae40f90 DEOPT UNPACKING pc=0x000002a8b83a9ea3 sp=0x000000e3091fe148 mode 2
Event: 7.406 Thread 0x000002a8cae40f90 Uncommon trap: trap_request=0xffffffde fr.pc=0x000002a8b899e250 relative=0x0000000000000510
Event: 7.406 Thread 0x000002a8cae40f90 Uncommon trap: reason=class_check action=maybe_recompile pc=0x000002a8b899e250 method=java.util.HashMap.removeNode(ILjava/lang/Object;Ljava/lang/Object;ZZ)Ljava/util/HashMap$Node; @ 68 c2
Event: 7.406 Thread 0x000002a8cae40f90 DEOPT PACKING pc=0x000002a8b899e250 sp=0x000000e3091fe240
Event: 7.406 Thread 0x000002a8cae40f90 DEOPT UNPACKING pc=0x000002a8b83a9ea3 sp=0x000000e3091fe148 mode 2

Classes unloaded (7 events):
Event: 6.867 Thread 0x000002a8c7ac0c20 Unloading class 0x000000010025c000 'java/lang/invoke/LambdaForm$MH+0x000000010025c000'
Event: 6.867 Thread 0x000002a8c7ac0c20 Unloading class 0x000000010025bc00 'java/lang/invoke/LambdaForm$MH+0x000000010025bc00'
Event: 6.867 Thread 0x000002a8c7ac0c20 Unloading class 0x000000010025b800 'java/lang/invoke/LambdaForm$MH+0x000000010025b800'
Event: 6.867 Thread 0x000002a8c7ac0c20 Unloading class 0x000000010025b400 'java/lang/invoke/LambdaForm$MH+0x000000010025b400'
Event: 6.867 Thread 0x000002a8c7ac0c20 Unloading class 0x000000010025b000 'java/lang/invoke/LambdaForm$BMH+0x000000010025b000'
Event: 6.867 Thread 0x000002a8c7ac0c20 Unloading class 0x000000010025ac00 'java/lang/invoke/LambdaForm$DMH+0x000000010025ac00'
Event: 6.867 Thread 0x000002a8c7ac0c20 Unloading class 0x0000000100258400 'java/lang/invoke/LambdaForm$DMH+0x0000000100258400'

Classes redefined (0 events):
No events

Internal exceptions (20 events):
Event: 7.007 Thread 0x000002a8c98e5730 Exception <a 'java/lang/NoSuchMethodError'{0x00000000ead8f7b8}: 'int java.lang.invoke.DirectMethodHandle$Holder.invokeSpecial(java.lang.Object, java.lang.Object, int, int)'> (0x00000000ead8f7b8) 
thrown [s\src\hotspot\share\interpreter\linkResolver.cpp, line 759]
Event: 7.007 Thread 0x000002a8c98e1f80 Exception <a 'java/lang/NoSuchMethodError'{0x00000000ead91bb8}: 'int java.lang.invoke.DirectMethodHandle$Holder.invokeSpecial(java.lang.Object, java.lang.Object, int, int)'> (0x00000000ead91bb8) 
thrown [s\src\hotspot\share\interpreter\linkResolver.cpp, line 759]
Event: 7.015 Thread 0x000002a8c98e5730 Exception <a 'java/lang/NoSuchMethodError'{0x00000000eadb1750}: 'int java.lang.invoke.Invokers$Holder.linkToTargetMethod(java.lang.Object, java.lang.Object)'> (0x00000000eadb1750) 
thrown [s\src\hotspot\share\interpreter\linkResolver.cpp, line 759]
Event: 7.017 Thread 0x000002a8c98e1f80 Exception <a 'java/lang/NoSuchMethodError'{0x00000000ead9ec80}: 'int java.lang.invoke.DirectMethodHandle$Holder.invokeSpecial(java.lang.Object, java.lang.Object, java.lang.Object, java.lang.Object)'> (0x00000000ead9ec80) 
thrown [s\src\hotspot\share\interpreter\linkResolver.cpp, line 759]
Event: 7.020 Thread 0x000002a8c98e1f80 Exception <a 'java/lang/NoSuchMethodError'{0x00000000eadf54e0}: 'java.lang.Object java.lang.invoke.DirectMethodHandle$Holder.invokeStatic(java.lang.Object, int, java.lang.Object, java.lang.Object)'> (0x00000000eadf54e0) 
thrown [s\src\hotspot\share\interpreter\linkResolver.cpp, line 759]
Event: 7.021 Thread 0x000002a8c98e1f80 Exception <a 'java/lang/NoSuchMethodError'{0x00000000eadf8f98}: 'java.lang.Object java.lang.invoke.DelegatingMethodHandle$Holder.delegate(java.lang.Object, int, java.lang.Object, java.lang.Object)'> (0x00000000eadf8f98) 
thrown [s\src\hotspot\share\interpreter\linkResolver.cpp, line 759]
Event: 7.023 Thread 0x000002a8c98e1f80 Exception <a 'java/lang/NoSuchMethodError'{0x00000000eae2fc40}: 'int java.lang.invoke.Invokers$Holder.linkToTargetMethod(java.lang.Object, java.lang.Object, java.lang.Object)'> (0x00000000eae2fc40) 
thrown [s\src\hotspot\share\interpreter\linkResolver.cpp, line 759]
Event: 7.070 Thread 0x000002a8c98e5730 Exception <a 'java/lang/NoSuchMethodError'{0x00000000eb0b6d60}: 'java.lang.Object java.lang.invoke.DirectMethodHandle$Holder.invokeSpecialIFC(java.lang.Object, java.lang.Object, java.lang.Object, java.lang.Object)'> (0x00000000eb0b6d60) 
thrown [s\src\hotspot\share\interpreter\linkResolver.cpp, line 759]
Event: 7.080 Thread 0x000002a8c9202540 Exception <a 'java/lang/UnsatisfiedLinkError'{0x00000000eb1309f8}: The specified procedure could not be found.
> (0x00000000eb1309f8) 
thrown [s\src\hotspot\share\prims\jni.cpp, line 535]
Event: 7.089 Thread 0x000002a8c9202540 Exception <a 'java/io/FileNotFoundException'{0x00000000eb159160}> (0x00000000eb159160) 
thrown [s\src\hotspot\share\prims\jni.cpp, line 516]
Event: 7.120 Thread 0x000002a8c9202540 Exception <a 'java/lang/UnsatisfiedLinkError'{0x00000000eb3fe108}: The specified procedure could not be found.
> (0x00000000eb3fe108) 
thrown [s\src\hotspot\share\prims\jni.cpp, line 535]
Event: 7.150 Thread 0x000002a8ac9becd0 Exception <a 'sun/nio/fs/WindowsException'{0x00000000eb5de0f0}> (0x00000000eb5de0f0) 
thrown [s\src\hotspot\share\prims\jni.cpp, line 516]
Event: 7.153 Thread 0x000002a8ac9becd0 Exception <a 'sun/nio/fs/WindowsException'{0x00000000eb63c3d0}> (0x00000000eb63c3d0) 
thrown [s\src\hotspot\share\prims\jni.cpp, line 516]
Event: 7.153 Thread 0x000002a8ac9becd0 Exception <a 'sun/nio/fs/WindowsException'{0x00000000eb63c9a0}> (0x00000000eb63c9a0) 
thrown [s\src\hotspot\share\prims\jni.cpp, line 516]
Event: 7.220 Thread 0x000002a8ac9becd0 Exception <a 'java/io/FileNotFoundException'{0x00000000ebb1e2d8}> (0x00000000ebb1e2d8) 
thrown [s\src\hotspot\share\prims\jni.cpp, line 516]
Event: 7.304 Thread 0x000002a8ac9becd0 Exception <a 'java/lang/NoSuchMethodError'{0x00000000ebeaec60}: 'java.lang.Object java.lang.invoke.DirectMethodHandle$Holder.invokeStatic(java.lang.Object, java.lang.Object, long, java.lang.Object)'> (0x00000000ebeaec60) 
thrown [s\src\hotspot\share\interpreter\linkResolver.cpp, line 759]
Event: 7.305 Thread 0x000002a8ac9becd0 Exception <a 'java/lang/NoSuchMethodError'{0x00000000ebeb26f8}: 'java.lang.Object java.lang.invoke.DirectMethodHandle$Holder.invokeStaticInit(java.lang.Object, java.lang.Object, long, java.lang.Object)'> (0x00000000ebeb26f8) 
thrown [s\src\hotspot\share\interpreter\linkResolver.cpp, line 759]
Event: 7.305 Thread 0x000002a8ac9becd0 Exception <a 'java/lang/NoSuchMethodError'{0x00000000ebeb9210}: 'java.lang.Object java.lang.invoke.DirectMethodHandle$Holder.newInvokeSpecial(java.lang.Object, java.lang.Object, long)'> (0x00000000ebeb9210) 
thrown [s\src\hotspot\share\interpreter\linkResolver.cpp, line 759]
Event: 7.322 Thread 0x000002a8ac9becd0 Exception <a 'java/lang/OutOfMemoryError'{0x00000000ebf753e8}: unable to create native thread: possibly out of memory or process/resource limits reached> (0x00000000ebf753e8) 
thrown [s\src\hotspot\share\prims\jvm.cpp, line 2923]
Event: 7.323 Thread 0x000002a8ac9becd0 Exception <a 'java/lang/OutOfMemoryError'{0x00000000ebf753e8}> (0x00000000ebf753e8) 
thrown [s\src\hotspot\share\oops\instanceKlass.cpp, line 1218]

VM Operations (20 events):
Event: 6.591 Executing VM operation: HandshakeAllThreads
Event: 6.591 Executing VM operation: HandshakeAllThreads done
Event: 6.606 Executing VM operation: HandshakeAllThreads
Event: 6.606 Executing VM operation: HandshakeAllThreads done
Event: 6.695 Executing VM operation: HandshakeAllThreads
Event: 6.695 Executing VM operation: HandshakeAllThreads done
Event: 6.799 Executing VM operation: HandshakeAllThreads
Event: 6.799 Executing VM operation: HandshakeAllThreads done
Event: 6.848 Executing VM operation: ParallelGCFailedAllocation
Event: 6.851 Executing VM operation: ParallelGCFailedAllocation done
Event: 6.855 Executing VM operation: CollectForMetadataAllocation
Event: 6.918 Executing VM operation: CollectForMetadataAllocation done
Event: 7.019 Executing VM operation: HandshakeAllThreads
Event: 7.019 Executing VM operation: HandshakeAllThreads done
Event: 7.021 Executing VM operation: HandshakeAllThreads
Event: 7.021 Executing VM operation: HandshakeAllThreads done
Event: 7.051 Executing VM operation: HandshakeAllThreads
Event: 7.051 Executing VM operation: HandshakeAllThreads done
Event: 7.423 Executing VM operation: ParallelGCFailedAllocation
Event: 7.442 Executing VM operation: ParallelGCFailedAllocation done

Events (20 events):
Event: 7.465 loading class sun/reflect/generics/tree/ClassSignature
Event: 7.465 loading class sun/reflect/generics/tree/Signature
Event: 7.465 loading class sun/reflect/generics/tree/Signature done
Event: 7.465 loading class sun/reflect/generics/tree/ClassSignature done
Event: 7.466 loading class sun/reflect/annotation/TypeAnnotation$TypeAnnotationTarget
Event: 7.466 loading class sun/reflect/annotation/TypeAnnotation$TypeAnnotationTarget done
Event: 7.466 loading class sun/reflect/annotation/TypeAnnotation$LocationInfo
Event: 7.466 loading class sun/reflect/annotation/TypeAnnotation$LocationInfo done
Event: 7.466 loading class sun/reflect/annotation/TypeAnnotation$LocationInfo$Location
Event: 7.467 loading class sun/reflect/annotation/TypeAnnotation$LocationInfo$Location done
Event: 7.467 loading class sun/reflect/annotation/AnnotatedTypeFactory
Event: 7.467 loading class sun/reflect/annotation/AnnotatedTypeFactory done
Event: 7.467 loading class sun/reflect/annotation/AnnotatedTypeFactory$AnnotatedTypeBaseImpl
Event: 7.468 loading class sun/reflect/annotation/AnnotatedTypeFactory$AnnotatedTypeBaseImpl done
Event: 7.468 loading class java/util/stream/Streams$ConcatSpliterator$OfRef
Event: 7.469 loading class java/util/stream/Streams$ConcatSpliterator
Event: 7.469 loading class java/util/stream/Streams$ConcatSpliterator done
Event: 7.469 loading class java/util/stream/Streams$ConcatSpliterator$OfRef done
Event: 7.469 loading class java/util/stream/Streams$2
Event: 7.469 loading class java/util/stream/Streams$2 done


Dynamic libraries:
0x00007ff64c6c0000 - 0x00007ff64c6ce000 	c:\Users\vivek\.vscode\extensions\redhat.java-1.31.0-win32-x64\jre\17.0.11-win32-x86_64\bin\java.exe
0x00007ffef92f0000 - 0x00007ffef9507000 	C:\WINDOWS\SYSTEM32\ntdll.dll
0x00007ffef7eb0000 - 0x00007ffef7f74000 	C:\WINDOWS\System32\KERNEL32.DLL
0x00007ffef6730000 - 0x00007ffef6ad7000 	C:\WINDOWS\System32\KERNELBASE.dll
0x00007ffef6610000 - 0x00007ffef6721000 	C:\WINDOWS\System32\ucrtbase.dll
0x00007ffef3e30000 - 0x00007ffef3e47000 	c:\Users\vivek\.vscode\extensions\redhat.java-1.31.0-win32-x64\jre\17.0.11-win32-x86_64\bin\jli.dll
0x00007ffeeacd0000 - 0x00007ffeeaceb000 	c:\Users\vivek\.vscode\extensions\redhat.java-1.31.0-win32-x64\jre\17.0.11-win32-x86_64\bin\VCRUNTIME140.dll
0x00007ffef7090000 - 0x00007ffef723e000 	C:\WINDOWS\System32\USER32.dll
0x00007ffef6ae0000 - 0x00007ffef6b06000 	C:\WINDOWS\System32\win32u.dll
0x00007ffed9170000 - 0x00007ffed9403000 	C:\WINDOWS\WinSxS\amd64_microsoft.windows.common-controls_6595b64144ccf1df_6.0.22621.3527_none_270e469b73872a76\COMCTL32.dll
0x00007ffef7e50000 - 0x00007ffef7e79000 	C:\WINDOWS\System32\GDI32.dll
0x00007ffef6f00000 - 0x00007ffef7019000 	C:\WINDOWS\System32\gdi32full.dll
0x00007ffef8a80000 - 0x00007ffef8b27000 	C:\WINDOWS\System32\msvcrt.dll
0x00007ffef6b10000 - 0x00007ffef6baa000 	C:\WINDOWS\System32\msvcp_win.dll
0x00007ffef80a0000 - 0x00007ffef80d1000 	C:\WINDOWS\System32\IMM32.DLL
0x00007ffef43c0000 - 0x00007ffef43cc000 	c:\Users\vivek\.vscode\extensions\redhat.java-1.31.0-win32-x64\jre\17.0.11-win32-x86_64\bin\vcruntime140_1.dll
0x00007ffec6d00000 - 0x00007ffec6d8d000 	c:\Users\vivek\.vscode\extensions\redhat.java-1.31.0-win32-x64\jre\17.0.11-win32-x86_64\bin\msvcp140.dll
0x00007ffe8aff0000 - 0x00007ffe8bc52000 	c:\Users\vivek\.vscode\extensions\redhat.java-1.31.0-win32-x64\jre\17.0.11-win32-x86_64\bin\server\jvm.dll
0x00007ffef89c0000 - 0x00007ffef8a72000 	C:\WINDOWS\System32\ADVAPI32.dll
0x00007ffef7f80000 - 0x00007ffef8028000 	C:\WINDOWS\System32\sechost.dll
0x00007ffef6ed0000 - 0x00007ffef6ef8000 	C:\WINDOWS\System32\bcrypt.dll
0x00007ffef8b90000 - 0x00007ffef8ca5000 	C:\WINDOWS\System32\RPCRT4.dll
0x00007ffef5670000 - 0x00007ffef56bd000 	C:\WINDOWS\SYSTEM32\POWRPROF.dll
0x00007ffeeb570000 - 0x00007ffeeb57a000 	C:\WINDOWS\SYSTEM32\VERSION.dll
0x00007ffee7270000 - 0x00007ffee72a4000 	C:\WINDOWS\SYSTEM32\WINMM.dll
0x00007ffea7670000 - 0x00007ffea7679000 	C:\WINDOWS\SYSTEM32\WSOCK32.dll
0x00007ffef80e0000 - 0x00007ffef8151000 	C:\WINDOWS\System32\WS2_32.dll
0x00007ffef5610000 - 0x00007ffef5623000 	C:\WINDOWS\SYSTEM32\UMPDC.dll
0x00007ffef5720000 - 0x00007ffef5738000 	C:\WINDOWS\SYSTEM32\kernel.appcore.dll
0x00007ffeec2f0000 - 0x00007ffeec2fa000 	c:\Users\vivek\.vscode\extensions\redhat.java-1.31.0-win32-x64\jre\17.0.11-win32-x86_64\bin\jimage.dll
0x00007ffef4180000 - 0x00007ffef43b2000 	C:\WINDOWS\SYSTEM32\DBGHELP.DLL
0x00007ffef72c0000 - 0x00007ffef7648000 	C:\WINDOWS\System32\combase.dll
0x00007ffef8e60000 - 0x00007ffef8f37000 	C:\WINDOWS\System32\OLEAUT32.dll
0x00007ffeeb950000 - 0x00007ffeeb982000 	C:\WINDOWS\SYSTEM32\dbgcore.DLL
0x00007ffef6d90000 - 0x00007ffef6e09000 	C:\WINDOWS\System32\bcryptPrimitives.dll
0x00007ffeec210000 - 0x00007ffeec21e000 	c:\Users\vivek\.vscode\extensions\redhat.java-1.31.0-win32-x64\jre\17.0.11-win32-x86_64\bin\instrument.dll
0x00007ffeea950000 - 0x00007ffeea975000 	c:\Users\vivek\.vscode\extensions\redhat.java-1.31.0-win32-x64\jre\17.0.11-win32-x86_64\bin\java.dll
0x00007ffeeabd0000 - 0x00007ffeeabe8000 	c:\Users\vivek\.vscode\extensions\redhat.java-1.31.0-win32-x64\jre\17.0.11-win32-x86_64\bin\zip.dll
0x00007ffef8160000 - 0x00007ffef89bc000 	C:\WINDOWS\System32\SHELL32.dll
0x00007ffef4550000 - 0x00007ffef4e46000 	C:\WINDOWS\SYSTEM32\windows.storage.dll
0x00007ffef4410000 - 0x00007ffef454e000 	C:\WINDOWS\SYSTEM32\wintypes.dll
0x00007ffef91b0000 - 0x00007ffef92a5000 	C:\WINDOWS\System32\SHCORE.dll
0x00007ffef8030000 - 0x00007ffef808e000 	C:\WINDOWS\System32\shlwapi.dll
0x00007ffef6540000 - 0x00007ffef6561000 	C:\WINDOWS\SYSTEM32\profapi.dll
0x00007ffeea010000 - 0x00007ffeea029000 	C:\Users\vivek\.vscode\extensions\redhat.java-1.31.0-win32-x64\jre\17.0.11-win32-x86_64\bin\net.dll
0x00007ffeedc10000 - 0x00007ffeedd46000 	C:\WINDOWS\SYSTEM32\WINHTTP.dll
0x00007ffef5b90000 - 0x00007ffef5bf9000 	C:\WINDOWS\system32\mswsock.dll
0x00007ffee81e0000 - 0x00007ffee81f6000 	C:\Users\vivek\.vscode\extensions\redhat.java-1.31.0-win32-x64\jre\17.0.11-win32-x86_64\bin\nio.dll
0x00007ffeebd30000 - 0x00007ffeebd40000 	c:\Users\vivek\.vscode\extensions\redhat.java-1.31.0-win32-x64\jre\17.0.11-win32-x86_64\bin\verify.dll
0x00007ffed5cf0000 - 0x00007ffed5d34000 	C:\Users\vivek\AppData\Roaming\Code\User\globalStorage\redhat.java\1.31.0\config_win\org.eclipse.equinox.launcher\org.eclipse.equinox.launcher.win32.win32.x86_64_1.2.1000.v20240507-1834\eclipse_11902.dll
0x00007ffef8cb0000 - 0x00007ffef8e55000 	C:\WINDOWS\System32\ole32.dll
0x00007ffeebcf0000 - 0x00007ffeebcf9000 	C:\Users\vivek\.vscode\extensions\redhat.java-1.31.0-win32-x64\jre\17.0.11-win32-x86_64\bin\management.dll
0x00007ffeeb2d0000 - 0x00007ffeeb2db000 	C:\Users\vivek\.vscode\extensions\redhat.java-1.31.0-win32-x64\jre\17.0.11-win32-x86_64\bin\management_ext.dll
0x00007ffef7650000 - 0x00007ffef7658000 	C:\WINDOWS\System32\PSAPI.DLL
0x00007ffef5df0000 - 0x00007ffef5e0b000 	C:\WINDOWS\SYSTEM32\CRYPTSP.dll
0x00007ffef5630000 - 0x00007ffef5665000 	C:\WINDOWS\system32\rsaenh.dll
0x00007ffef5c90000 - 0x00007ffef5cb8000 	C:\WINDOWS\SYSTEM32\USERENV.dll
0x00007ffef5e10000 - 0x00007ffef5e1c000 	C:\WINDOWS\SYSTEM32\CRYPTBASE.dll
0x00007ffef50b0000 - 0x00007ffef50dd000 	C:\WINDOWS\SYSTEM32\IPHLPAPI.DLL
0x00007ffef7e80000 - 0x00007ffef7e89000 	C:\WINDOWS\System32\NSI.dll
0x00007ffeedb00000 - 0x00007ffeedb19000 	C:\WINDOWS\SYSTEM32\dhcpcsvc6.DLL
0x00007ffeeda80000 - 0x00007ffeeda9f000 	C:\WINDOWS\SYSTEM32\dhcpcsvc.DLL
0x00007ffef5120000 - 0x00007ffef5218000 	C:\WINDOWS\SYSTEM32\DNSAPI.dll
0x00007ffec93b0000 - 0x00007ffec93f5000 	C:\Users\vivek\AppData\Local\Temp\jna-112220169\jna3354041777707739017.dll

dbghelp: loaded successfully - version: 4.0.5 - missing functions: none
symbol engine: initialized successfully - sym options: 0x614 - pdb path: .;c:\Users\vivek\.vscode\extensions\redhat.java-1.31.0-win32-x64\jre\17.0.11-win32-x86_64\bin;C:\WINDOWS\SYSTEM32;C:\WINDOWS\WinSxS\amd64_microsoft.windows.common-controls_6595b64144ccf1df_6.0.22621.3527_none_270e469b73872a76;c:\Users\vivek\.vscode\extensions\redhat.java-1.31.0-win32-x64\jre\17.0.11-win32-x86_64\bin\server;C:\Users\vivek\AppData\Roaming\Code\User\globalStorage\redhat.java\1.31.0\config_win\org.eclipse.equinox.launcher\org.eclipse.equinox.launcher.win32.win32.x86_64_1.2.1000.v20240507-1834;C:\Users\vivek\AppData\Local\Temp\jna-112220169

VM Arguments:
jvm_args: --add-modules=ALL-SYSTEM --add-opens=java.base/java.util=ALL-UNNAMED --add-opens=java.base/java.lang=ALL-UNNAMED --add-opens=java.base/sun.nio.fs=ALL-UNNAMED -Declipse.application=org.eclipse.jdt.ls.core.id1 -Dosgi.bundles.defaultStartLevel=4 -Declipse.product=org.eclipse.jdt.ls.core.product -Djava.import.generatesMetadataFilesAtProjectRoot=false -DDetectVMInstallationsJob.disabled=true -Dfile.encoding=utf8 -XX:+UseParallelGC -XX:GCTimeRatio=4 -XX:AdaptiveSizePolicyWeight=90 -Dsun.zip.disableMemoryMapping=true -Xmx1G -Xms100m -Xlog:disable -javaagent:c:\Users\vivek\.vscode\extensions\redhat.java-1.31.0-win32-x64\lombok\lombok-1.18.32.jar -XX:+HeapDumpOnOutOfMemoryError -XX:HeapDumpPath=c:\Users\vivek\AppData\Roaming\Code\User\workspaceStorage\c723b1021cb728720928b6b8897082f5\redhat.java -Daether.dependencyCollector.impl=bf 
java_command: c:\Users\vivek\.vscode\extensions\redhat.java-1.31.0-win32-x64\server\plugins\org.eclipse.equinox.launcher_1.6.800.v20240513-1750.jar -configuration c:\Users\vivek\AppData\Roaming\Code\User\globalStorage\redhat.java\1.31.0\config_win -data c:\Users\vivek\AppData\Roaming\Code\User\workspaceStorage\c723b1021cb728720928b6b8897082f5\redhat.java\jdt_ws --pipe=\\.\pipe\lsp-5a5f617c3e3200891ae2d8b2e78a8656-sock
java_class_path (initial): c:\Users\vivek\.vscode\extensions\redhat.java-1.31.0-win32-x64\server\plugins\org.eclipse.equinox.launcher_1.6.800.v20240513-1750.jar
Launcher Type: SUN_STANDARD

[Global flags]
    uintx AdaptiveSizePolicyWeight                 = 90                                        {product} {command line}
     intx CICompilerCount                          = 4                                         {product} {ergonomic}
    uintx GCTimeRatio                              = 4                                         {product} {command line}
     bool HeapDumpOnOutOfMemoryError               = true                                   {manageable} {command line}
    ccstr HeapDumpPath                             = c:\Users\vivek\AppData\Roaming\Code\User\workspaceStorage\c723b1021cb728720928b6b8897082f5\redhat.java         {manageable} {command line}
   size_t InitialHeapSize                          = 104857600                                 {product} {command line}
   size_t MaxHeapSize                              = 1073741824                                {product} {command line}
   size_t MaxNewSize                               = 357564416                                 {product} {ergonomic}
   size_t MinHeapDeltaBytes                        = 524288                                    {product} {ergonomic}
   size_t MinHeapSize                              = 104857600                                 {product} {command line}
   size_t NewSize                                  = 34603008                                  {product} {ergonomic}
    uintx NonNMethodCodeHeapSize                   = 5839372                                {pd product} {ergonomic}
    uintx NonProfiledCodeHeapSize                  = 122909434                              {pd product} {ergonomic}
   size_t OldSize                                  = 70254592                                  {product} {ergonomic}
    uintx ProfiledCodeHeapSize                     = 122909434                              {pd product} {ergonomic}
    uintx ReservedCodeCacheSize                    = 251658240                              {pd product} {ergonomic}
     bool SegmentedCodeCache                       = true                                      {product} {ergonomic}
   size_t SoftMaxHeapSize                          = 1073741824                             {manageable} {ergonomic}
     bool UseCompressedClassPointers               = true                           {product lp64_product} {ergonomic}
     bool UseCompressedOops                        = true                           {product lp64_product} {ergonomic}
     bool UseLargePagesIndividualAllocation        = false                                  {pd product} {ergonomic}
     bool UseParallelGC                            = true                                      {product} {command line}

Logging:
Log output configuration:
 #0: stdout all=off uptime,level,tags
 #1: stderr all=off uptime,level,tags

Environment Variables:
PATH=C:\Program Files\Common Files\Oracle\Java\javapath;C:\WINDOWS\system32;C:\WINDOWS;C:\WINDOWS\System32\Wbem;C:\WINDOWS\System32\WindowsPowerShell\v1.0\;C:\WINDOWS\System32\OpenSSH\;C:\Program Files\Git\cmd;C:\CXCOM200500P_0-70004955\hybris\bin\platform\apache-ant\bin;%JAVA_HOME%\bin;;C:\Android;C:\Windows\System32;C:\Program Files\nodejs\;C:\Program Files\MySQL\MySQL Shell 8.0\bin\;C:\Users\vivek\AppData\Local\Microsoft\WindowsApps;;C:\Users\vivek\AppData\Local\Programs\Microsoft VS Code\bin;C:\Program Files\JetBrains\IntelliJ IDEA Community Edition 2022.2.1\bin;;C:\Users\vivek\AppData\Roaming\npm
USERNAME=vivek
OS=Windows_NT
PROCESSOR_IDENTIFIER=Intel64 Family 6 Model 140 Stepping 1, GenuineIntel
TMP=C:\Users\vivek\AppData\Local\Temp
TEMP=C:\Users\vivek\AppData\Local\Temp



Periodic native trim disabled


---------------  S Y S T E M  ---------------

OS:
 Windows 11 , 64 bit Build 22621 (10.0.22621.3527)
OS uptime: 37 days 18:30 hours

CPU: total 8 (initial active 8) (4 cores per cpu, 2 threads per core) family 6 model 140 stepping 1 microcode 0x8a, cx8, cmov, fxsr, ht, mmx, 3dnowpref, sse, sse2, sse3, ssse3, sse4.1, sse4.2, popcnt, lzcnt, tsc, tscinvbit, avx, avx2, aes, erms, clmul, bmi1, bmi2, adx, avx512f, avx512dq, avx512cd, avx512bw, avx512vl, sha, fma, vzeroupper, avx512_vpopcntdq, avx512_vpclmulqdq, avx512_vaes, avx512_vnni, clflush, clflushopt, clwb, avx512_vbmi2, avx512_vbmi
Processor Information for all 8 processors :
  Max Mhz: 3110, Current Mhz: 3110, Mhz Limit: 3110

Memory: 4k page, system-wide physical 7975M (347M free)
TotalPageFile size 26223M (AvailPageFile size 4M)
current process WorkingSet (physical memory assigned to process): 165M, peak: 167M
current process commit charge ("private bytes"): 261M, peak: 262M

vm_info: OpenJDK 64-Bit Server VM (17.0.11+9) for windows-amd64 JRE (17.0.11+9), built on Apr 17 2024 06:07:48 by "admin" with MS VC++ 16.10 / 16.11 (VS2019)

END.
